#
# A fatal error has been detected by the Java Runtime Environment:
#
#  EXCEPTION_ACCESS_VIOLATION (0xc0000005) at pc=0x00007ffe5c094e80, pid=5496, tid=4168
#
# JRE version: Java(TM) SE Runtime Environment (8.0_91-b14) (build 1.8.0_91-b14)
# Java VM: Java HotSpot(TM) 64-Bit Server VM (25.91-b14 mixed mode windows-amd64 compressed oops)
# Problematic frame:
# C  [ig75icd64.dll+0xd4e80]
#
# Failed to write core dump. Minidumps are not enabled by default on client versions of Windows
#
# If you would like to submit a bug report, please visit:
#   http://bugreport.java.com/bugreport/crash.jsp
# The crash happened outside the Java Virtual Machine in native code.
# See problematic frame for where to report the bug.
#

---------------  T H R E A D  ---------------

Current thread (0x0000000002250800):  JavaThread "main" [_thread_in_native, id=4168, stack(0x0000000002150000,0x0000000002250000)]

siginfo: ExceptionCode=0xc0000005, reading address 0x0000000024b30000

Registers:
RAX=0x0000000000000600, RBX=0x000000000224e7c0, RCX=0x0000000000000000, RDX=0x0000000024b30000
RSP=0x000000000224e6f0, RBP=0x000000000224e850, RSI=0x00000000237d4000, RDI=0x0000000023804000
R8 =0x0000000000040000, R9 =0x0000000000000800, R10=0x0000000000000600, R11=0x000000000063eeb4
R12=0x0000000000000000, R13=0x000000000062a640, R14=0x0000000000000100, R15=0x000000000224e930
RIP=0x00007ffe5c094e80, EFLAGS=0x0000000000010287

Top of Stack: (sp=0x000000000224e6f0)
0x000000000224e6f0:   cafebabecafebabe 0000000000000000
0x000000000224e700:   0000000000000000 0000000000000000
0x000000000224e710:   0000000024b00000 00007ffe5c45570b
0x000000000224e720:   8000004040000180 0000000000000000
0x000000000224e730:   00000000237d4000 0000000000000000
0x000000000224e740:   00000000237d4000 00007ffe5c456cb8
0x000000000224e750:   000000000224e850 0000000000000400
0x000000000224e760:   00007ffe5c9fd4b0 00007ffe5c898c01
0x000000000224e770:   0000000000000048 00007ffe00000001
0x000000000224e780:   0000000024b00000 0000000000622360
0x000000000224e790:   000000002474f5a0 000000000224e8b0
0x000000000224e7a0:   000000002474f5a0 0000000000000000
0x000000000224e7b0:   0000000000000000 0000000000000000
0x000000000224e7c0:   00007ffe5c78df78 000000000062a640
0x000000000224e7d0:   0000010000000100 0000004800000000
0x000000000224e7e0:   0000040000000004 0000000024b00000 

Instructions: (pc=0x00007ffe5c094e80)
0x00007ffe5c094e60:   c2 10 66 0f e7 47 f0 49 3b c2 72 e4 e9 ab 00 00
0x00007ffe5c094e70:   00 4d 85 c9 74 6c 66 66 0f 1f 84 00 00 00 00 00
0x00007ffe5c094e80:   66 0f 6f 3a 66 0f 6f 72 10 66 0f 6f 6a 20 41 ff
0x00007ffe5c094e90:   c2 48 83 ef 80 41 8b c2 66 0f 6f 62 30 66 0f 6f 


Register to memory mapping:

RAX=0x0000000000000600 is an unknown value
RBX=0x000000000224e7c0 is pointing into the stack for thread: 0x0000000002250800
RCX=0x0000000000000000 is an unknown value
RDX=0x0000000024b30000 is an unknown value
RSP=0x000000000224e6f0 is pointing into the stack for thread: 0x0000000002250800
RBP=0x000000000224e850 is pointing into the stack for thread: 0x0000000002250800
RSI=0x00000000237d4000 is an unknown value
RDI=0x0000000023804000 is an unknown value
R8 =0x0000000000040000 is an unknown value
R9 =0x0000000000000800 is an unknown value
R10=0x0000000000000600 is an unknown value
R11=0x000000000063eeb4 is an unknown value
R12=0x0000000000000000 is an unknown value
R13=0x000000000062a640 is an unknown value
R14=0x0000000000000100 is an unknown value
R15=0x000000000224e930 is pointing into the stack for thread: 0x0000000002250800


Stack: [0x0000000002150000,0x0000000002250000],  sp=0x000000000224e6f0,  free space=1017k
Native frames: (J=compiled Java code, j=interpreted, Vv=VM code, C=native code)
C  [ig75icd64.dll+0xd4e80]
C  [ig75icd64.dll+0x49570b]
C  [ig75icd64.dll+0x496cb8]
C  [ig75icd64.dll+0x49a4c6]
C  [ig75icd64.dll+0x2ef7af]
C  [ig75icd64.dll+0x2ef4c7]
C  [ig75icd64.dll+0x90f31]
C  [ig75icd64.dll+0x99b8c]
C  [ig75icd64.dll+0xa2b54]
C  [lwjgl.dll+0x5573d]
C  0x0000000002367f54

Java frames: (J=compiled Java code, j=interpreted, Vv=VM code)
j  org.lwjgl.system.JNI.callPV(JIIIIIIIIJ)V+0
j  org.lwjgl.opengl.GL11.nglTexImage2D(IIIIIIIIJ)V+24
j  org.lwjgl.opengl.GL11.glTexImage2D(IIIIIIIILjava/nio/ByteBuffer;)V+30
j  renderEngine.Loader.loadTexture(Ljava/lang/String;)I+305
j  game_test.Startup.startGame()V+209
j  game_test.Main_module.main([Ljava/lang/String;)V+9
v  ~StubRoutines::call_stub

---------------  P R O C E S S  ---------------

Java Threads: ( => current thread )
  0x000000001dd1a000 JavaThread "Service Thread" daemon [_thread_blocked, id=6344, stack(0x000000001e8a0000,0x000000001e9a0000)]
  0x000000001dcf0800 JavaThread "C1 CompilerThread3" daemon [_thread_blocked, id=14316, stack(0x000000001e7a0000,0x000000001e8a0000)]
  0x000000001dcec000 JavaThread "C2 CompilerThread2" daemon [_thread_blocked, id=7912, stack(0x000000001e6a0000,0x000000001e7a0000)]
  0x000000001dcec800 JavaThread "C2 CompilerThread1" daemon [_thread_blocked, id=1340, stack(0x000000001e5a0000,0x000000001e6a0000)]
  0x000000001dce9800 JavaThread "C2 CompilerThread0" daemon [_thread_blocked, id=8572, stack(0x000000001e4a0000,0x000000001e5a0000)]
  0x000000001dce7800 JavaThread "Attach Listener" daemon [_thread_blocked, id=11344, stack(0x000000001e3a0000,0x000000001e4a0000)]
  0x000000001bdde800 JavaThread "Signal Dispatcher" daemon [_thread_blocked, id=9088, stack(0x000000001e2a0000,0x000000001e3a0000)]
  0x000000001dce0800 JavaThread "Finalizer" daemon [_thread_blocked, id=5948, stack(0x000000001e0c0000,0x000000001e1c0000)]
  0x0000000002344000 JavaThread "Reference Handler" daemon [_thread_blocked, id=9408, stack(0x000000001dbc0000,0x000000001dcc0000)]
=>0x0000000002250800 JavaThread "main" [_thread_in_native, id=4168, stack(0x0000000002150000,0x0000000002250000)]

Other Threads:
  0x000000001bdc9800 VMThread [stack: 0x000000001dac0000,0x000000001dbc0000] [id=5516]
  0x000000001dd1b800 WatcherThread [stack: 0x000000001e9a0000,0x000000001eaa0000] [id=7340]

VM state:not at safepoint (normal execution)

VM Mutex/Monitor currently owned by a thread: None

Heap:
 PSYoungGen      total 76288K, used 10663K [0x000000076b380000, 0x0000000770880000, 0x00000007c0000000)
  eden space 65536K, 16% used [0x000000076b380000,0x000000076bde9e20,0x000000076f380000)
  from space 10752K, 0% used [0x000000076fe00000,0x000000076fe00000,0x0000000770880000)
  to   space 10752K, 0% used [0x000000076f380000,0x000000076f380000,0x000000076fe00000)
 ParOldGen       total 175104K, used 0K [0x00000006c1a00000, 0x00000006cc500000, 0x000000076b380000)
  object space 175104K, 0% used [0x00000006c1a00000,0x00000006c1a00000,0x00000006cc500000)
 Metaspace       used 7211K, capacity 7441K, committed 7680K, reserved 1056768K
  class space    used 636K, capacity 707K, committed 768K, reserved 1048576K

Card table byte_map: [0x0000000011710000,0x0000000011f10000] byte_map_base: 0x000000000e103000

Marking Bits: (ParMarkBitMap*) 0x000000005c562f70
 Begin Bits: [0x0000000012c60000, 0x0000000016bf8000)
 End Bits:   [0x0000000016bf8000, 0x000000001ab90000)

Polling page: 0x0000000000570000

CodeCache: size=245760Kb used=2071Kb max_used=2071Kb free=243689Kb
 bounds [0x0000000002350000, 0x00000000025c0000, 0x0000000011350000]
 total_blobs=1155 nmethods=410 adapters=658
 compilation: enabled

Compilation events (10 events):
Event: 0.365 Thread 0x000000001dcf0800  401       3       java.util.zip.ZipCoder::getBytes (192 bytes)
Event: 0.366 Thread 0x000000001dcf0800 nmethod 401 0x000000000254d050 code [0x000000000254d400, 0x000000000254f718]
Event: 0.366 Thread 0x000000001dcf0800  402       3       java.util.zip.ZipCoder::encoder (35 bytes)
Event: 0.366 Thread 0x000000001dcf0800 nmethod 402 0x0000000002550910 code [0x0000000002550aa0, 0x0000000002551128]
Event: 0.366 Thread 0x000000001dcf0800  403       3       java.nio.charset.CharsetEncoder::reset (11 bytes)
Event: 0.366 Thread 0x000000001dcf0800 nmethod 403 0x00000000025512d0 code [0x0000000002551420, 0x0000000002551650]
Event: 0.366 Thread 0x000000001dcf0800  404       3       java.nio.charset.CharsetEncoder::implReset (1 bytes)
Event: 0.366 Thread 0x000000001dcf0800 nmethod 404 0x0000000002551710 code [0x0000000002551860, 0x00000000025519b0]
Event: 0.369 Thread 0x000000001dcf0800  405       3       java.lang.String::indexOf (166 bytes)
Event: 0.370 Thread 0x000000001dcf0800 nmethod 405 0x0000000002551a10 code [0x0000000002551bc0, 0x0000000002552210]

GC Heap History (0 events):
No events

Deoptimization events (2 events):
Event: 0.360 Thread 0x0000000002250800 Uncommon trap: reason=unstable_if action=reinterpret pc=0x0000000002541618 method=java.lang.String.replace(CC)Ljava/lang/String; @ 26
Event: 0.363 Thread 0x0000000002250800 Uncommon trap: reason=unstable_if action=reinterpret pc=0x0000000002547298 method=java.lang.String.indexOf([CII[CIII)I @ 134

Internal exceptions (4 events):
Event: 0.021 Thread 0x0000000002250800 Exception <a 'java/lang/NoSuchMethodError': Method sun.misc.Unsafe.defineClass(Ljava/lang/String;[BII)Ljava/lang/Class; name or signature does not match> (0x000000076b387cc0) thrown at [C:\re\workspace\8-2-build-windows-amd64-cygwin\jdk8u91\6644\hotspot\srø9ïïÒï?
Event: 0.021 Thread 0x0000000002250800 Exception <a 'java/lang/NoSuchMethodError': Method sun.misc.Unsafe.prefetchRead(Ljava/lang/Object;J)V name or signature does not match> (0x000000076b387fa8) thrown at [C:\re\workspace\8-2-build-windows-amd64-cygwin\jdk8u91\6644\hotspot\src\share\vm\prims\j‚ù™ÊÉ∑?
Event: 0.092 Thread 0x0000000002250800 Exception <a 'java/lang/NoSuchFieldError': method resolution failed> (0x000000076b67bba0) thrown at [C:\re\workspace\8-2-build-windows-amd64-cygwin\jdk8u91\6644\hotspot\src\share\vm\prims\methodHandles.cpp, line 1146]
Event: 0.093 Thread 0x0000000002250800 Exception <a 'java/lang/NoSuchFieldError': method resolution failed> (0x000000076b688f20) thrown at [C:\re\workspace\8-2-build-windows-amd64-cygwin\jdk8u91\6644\hotspot\src\share\vm\prims\methodHandles.cpp, line 1146]

Events (10 events):
Event: 0.375 loading class java/util/HashMap$KeyIterator
Event: 0.375 loading class java/util/HashMap$KeyIterator done
Event: 0.375 loading class java/nio/channels/spi/AbstractInterruptibleChannel$1
Event: 0.375 loading class java/nio/channels/spi/AbstractInterruptibleChannel$1 done
Event: 0.375 loading class sun/nio/ch/NativeThread
Event: 0.375 loading class sun/nio/ch/NativeThread done
Event: 0.375 loading class sun/nio/ch/IOStatus
Event: 0.375 loading class sun/nio/ch/IOStatus done
Event: 0.375 loading class org/lwjgl/stb/STBImage
Event: 0.375 loading class org/lwjgl/stb/STBImage done


Dynamic libraries:
0x00007ff788370000 - 0x00007ff7883a7000 	C:\Program Files\Java\jdk1.8.0_91\bin\java.exe
0x00007ffe6b1f0000 - 0x00007ffe6b3b1000 	C:\WINDOWS\SYSTEM32\ntdll.dll
0x00007ffe69290000 - 0x00007ffe6933d000 	C:\WINDOWS\system32\KERNEL32.DLL
0x00007ffe67a60000 - 0x00007ffe67c48000 	C:\WINDOWS\system32\KERNELBASE.dll
0x00007ffe685f0000 - 0x00007ffe68697000 	C:\WINDOWS\system32\ADVAPI32.dll
0x00007ffe68ef0000 - 0x00007ffe68f8d000 	C:\WINDOWS\system32\msvcrt.dll
0x00007ffe68f90000 - 0x00007ffe68feb000 	C:\WINDOWS\system32\sechost.dll
0x00007ffe690a0000 - 0x00007ffe691bc000 	C:\WINDOWS\system32\RPCRT4.dll
0x00007ffe6ae00000 - 0x00007ffe6af56000 	C:\WINDOWS\system32\USER32.dll
0x00007ffe6ac70000 - 0x00007ffe6adf6000 	C:\WINDOWS\system32\GDI32.dll
0x00007ffe62260000 - 0x00007ffe624d4000 	C:\WINDOWS\WinSxS\amd64_microsoft.windows.common-controls_6595b64144ccf1df_6.0.10586.0_none_8c15ae12515e1c22\COMCTL32.dll
0x00007ffe6af70000 - 0x00007ffe6b1ed000 	C:\WINDOWS\system32\combase.dll
0x00007ffe67930000 - 0x00007ffe6799a000 	C:\WINDOWS\system32\bcryptPrimitives.dll
0x00007ffe69060000 - 0x00007ffe6909b000 	C:\WINDOWS\system32\IMM32.DLL
0x000000005bc70000 - 0x000000005bd42000 	C:\Program Files\Java\jdk1.8.0_91\jre\bin\msvcr100.dll
0x000000005bd50000 - 0x000000005c5e3000 	C:\Program Files\Java\jdk1.8.0_91\jre\bin\server\jvm.dll
0x00007ffe6af60000 - 0x00007ffe6af68000 	C:\WINDOWS\system32\PSAPI.DLL
0x00007ffe59870000 - 0x00007ffe59879000 	C:\WINDOWS\SYSTEM32\WSOCK32.dll
0x00007ffe652e0000 - 0x00007ffe65303000 	C:\WINDOWS\SYSTEM32\WINMM.dll
0x00007ffe65ea0000 - 0x00007ffe65eaa000 	C:\WINDOWS\SYSTEM32\VERSION.dll
0x00007ffe68ff0000 - 0x00007ffe6905b000 	C:\WINDOWS\system32\WS2_32.dll
0x00000000020b0000 - 0x00000000020dc000 	C:\WINDOWS\SYSTEM32\WINMMBASE.dll
0x00007ffe67d60000 - 0x00007ffe67da3000 	C:\WINDOWS\system32\cfgmgr32.dll
0x000000005bc20000 - 0x000000005bc2f000 	C:\Program Files\Java\jdk1.8.0_91\jre\bin\verify.dll
0x000000005bbf0000 - 0x000000005bc19000 	C:\Program Files\Java\jdk1.8.0_91\jre\bin\java.dll
0x000000005bbd0000 - 0x000000005bbe6000 	C:\Program Files\Java\jdk1.8.0_91\jre\bin\zip.dll
0x00007ffe69710000 - 0x00007ffe6ac6c000 	C:\WINDOWS\system32\SHELL32.dll
0x00007ffe67db0000 - 0x00007ffe683f4000 	C:\WINDOWS\system32\windows.storage.dll
0x00007ffe694a0000 - 0x00007ffe694f2000 	C:\WINDOWS\system32\shlwapi.dll
0x00007ffe67810000 - 0x00007ffe6781f000 	C:\WINDOWS\system32\kernel.appcore.dll
0x00007ffe679a0000 - 0x00007ffe67a55000 	C:\WINDOWS\system32\shcore.dll
0x00007ffe67850000 - 0x00007ffe6789b000 	C:\WINDOWS\system32\powrprof.dll
0x00007ffe67820000 - 0x00007ffe67834000 	C:\WINDOWS\system32\profapi.dll
0x00007ffe4bf40000 - 0x00007ffe4c00c000 	C:\Users\Dylan\Documents\lwjgl1\native\lwjgl.dll
0x00007ffe68da0000 - 0x00007ffe68ee3000 	C:\WINDOWS\system32\ole32.dll
0x00007ffe66fa0000 - 0x00007ffe66fab000 	C:\WINDOWS\SYSTEM32\CRYPTBASE.DLL
0x00007ffe5afa0000 - 0x00007ffe5afdb000 	C:\Users\Dylan\Documents\lwjgl1\native\glfw.dll
0x00007ffe65900000 - 0x00007ffe65996000 	C:\WINDOWS\system32\uxtheme.dll
0x00007ffe55ef0000 - 0x00007ffe55f31000 	C:\WINDOWS\SYSTEM32\dinput8.dll
0x00007ffe62500000 - 0x00007ffe6250e000 	C:\WINDOWS\SYSTEM32\xinput1_4.dll
0x00007ffe673c0000 - 0x00007ffe673e7000 	C:\WINDOWS\SYSTEM32\DEVOBJ.dll
0x00007ffe638d0000 - 0x00007ffe638f2000 	C:\WINDOWS\SYSTEM32\dwmapi.dll
0x00007ffe46480000 - 0x00007ffe465a9000 	C:\WINDOWS\SYSTEM32\opengl32.dll
0x00007ffe497b0000 - 0x00007ffe497de000 	C:\WINDOWS\SYSTEM32\GLU32.dll
0x00007ffe46380000 - 0x00007ffe4647a000 	C:\WINDOWS\SYSTEM32\DDRAW.dll
0x00007ffe497a0000 - 0x00007ffe497a8000 	C:\WINDOWS\SYSTEM32\DCIMAN32.dll
0x00007ffe65e90000 - 0x00007ffe65e9c000 	C:\WINDOWS\SYSTEM32\HID.DLL
0x00007ffe686b0000 - 0x00007ffe68ad9000 	C:\WINDOWS\system32\SETUPAPI.DLL
0x00007ffe67d00000 - 0x00007ffe67d55000 	C:\WINDOWS\system32\WINTRUST.dll
0x00007ffe67840000 - 0x00007ffe67850000 	C:\WINDOWS\system32\MSASN1.dll
0x00007ffe68420000 - 0x00007ffe685e8000 	C:\WINDOWS\system32\CRYPT32.dll
0x00007ffe69500000 - 0x00007ffe6965a000 	C:\WINDOWS\system32\MSCTF.dll
0x00007ffe5bfc0000 - 0x00007ffe5cadf000 	C:\WINDOWS\SYSTEM32\ig75icd64.dll
0x00007ffe652c0000 - 0x00007ffe652d3000 	C:\WINDOWS\SYSTEM32\WTSAPI32.dll
0x00007ffe5d780000 - 0x00007ffe5e19f000 	C:\WINDOWS\SYSTEM32\igdusc64.dll
0x00007ffe58460000 - 0x00007ffe58498000 	C:\Users\Dylan\Documents\lwjgl1\native\jemalloc.dll
0x000000005bbb0000 - 0x000000005bbca000 	C:\Program Files\Java\jdk1.8.0_91\jre\bin\net.dll
0x00007ffe66dd0000 - 0x00007ffe66e2c000 	C:\WINDOWS\system32\mswsock.dll
0x000000005bb90000 - 0x000000005bba1000 	C:\Program Files\Java\jdk1.8.0_91\jre\bin\nio.dll
0x00007ffe3f160000 - 0x00007ffe3f2ec000 	C:\WINDOWS\SYSTEM32\dbghelp.dll

VM Arguments:
jvm_args: -Dfile.encoding=UTF-8 -Djava.library.path=C:\Users\Dylan\Documents\lwjgl1\native 
java_command: game_test.Main_module
java_class_path (initial): C:\Users\Dylan\Documents\NetBeansProjects\game_test_newer_build\lib\lwjgl_3-build79\lwjgl.jar;C:\Users\Dylan\Documents\NetBeansProjects\game_test_newer_build\build\classes
Launcher Type: SUN_STANDARD

Environment Variables:
JAVA_HOME=C:\Program Files\Java\jdk1.8.0_91
PATH=C:\ProgramData\Oracle\Java\javapath;C:\Program Files (x86)\Intel\iCLS Client\;C:\Program Files\Intel\iCLS Client\;C:\Windows\system32;C:\Windows;C:\Windows\System32\Wbem;C:\Windows\System32\WindowsPowerShell\v1.0\;C:\Program Files\Intel\Intel(R) Management Engine Components\DAL;C:\Program Files (x86)\Intel\Intel(R) Management Engine Components\DAL;C:\Program Files\Intel\Intel(R) Management Engine Components\IPT;C:\Program Files (x86)\Intel\Intel(R) Management Engine Components\IPT;C:\Program Files\Intel\WiFi\bin\;C:\Program Files\Common Files\Intel\WirelessCommon\;C:\Program Files (x86)\NVIDIA Corporation\PhysX\Common;C:\Program Files\MATLAB\R2015b\bin;C:\Aldec\Active-HDL Student Edition\bin;C:\Program Files (x86)\Windows Live\Shared;C:\WINDOWS\system32;C:\WINDOWS;C:\WINDOWS\System32\Wbem;C:\WINDOWS\System32\WindowsPowerShell\v1.0\;C:\Program Files (x86)\Windows Kits\8.1\Windows Performance Toolkit\;C:\Program Files\jEdit;C:\Users\Dylan\Documents\gradle-2.13\bin;%JAVA_HOME%\bin;C:\OrCAD\OrCAD_16.6_Lite\tools\pcb\bin;C:\OrCAD\OrCAD_16.6_Lite\tools\fet\bin;C:\OrCAD\OrCAD_16.6_Lite\OpenAccess\bin\win32\opt;C:\OrCAD\OrCAD_16.6_Lite\tools\bin;C:\OrCAD\OrCAD_16.6_Lite\tools\Capture;C:\OrCAD\OrCAD_16.6_Lite\tools\PSpice;
USERNAME=Dylan
OS=Windows_NT
PROCESSOR_IDENTIFIER=Intel64 Family 6 Model 60 Stepping 3, GenuineIntel



---------------  S Y S T E M  ---------------

OS: Windows 10.0 , 64 bit Build 10586 (10.0.10586.0)

CPU:total 8 (4 cores per cpu, 2 threads per core) family 6 model 60 stepping 3, cmov, cx8, fxsr, mmx, sse, sse2, sse3, ssse3, sse4.1, sse4.2, popcnt, avx, avx2, aes, clmul, erms, lzcnt, ht, tsc, tscinvbit, bmi1, bmi2

Memory: 4k page, physical 16663592k(10615792k free), swap 19153960k(10341984k free)

vm_info: Java HotSpot(TM) 64-Bit Server VM (25.91-b14) for windows-amd64 JRE (1.8.0_91-b14), built on Apr  1 2016 00:58:32 by "java_re" with MS VC++ 10.0 (VS2010)

time: Mon Jun 06 17:45:45 2016
elapsed time: 0 seconds (0d 0h 0m 0s)

