#
# A fatal error has been detected by the Java Runtime Environment:
#
#  EXCEPTION_ACCESS_VIOLATION (0xc0000005) at pc=0x00007ffe3198aec0, pid=14284, tid=18108
#
# JRE version: Java(TM) SE Runtime Environment (8.0_91-b14) (build 1.8.0_91-b14)
# Java VM: Java HotSpot(TM) 64-Bit Server VM (25.91-b14 mixed mode windows-amd64 compressed oops)
# Problematic frame:
# C  [ig75icd64.dll+0x59aec0]
#
# Failed to write core dump. Minidumps are not enabled by default on client versions of Windows
#
# If you would like to submit a bug report, please visit:
#   http://bugreport.java.com/bugreport/crash.jsp
# The crash happened outside the Java Virtual Machine in native code.
# See problematic frame for where to report the bug.
#

---------------  T H R E A D  ---------------

Current thread (0x00000000022d0800):  JavaThread "main" [_thread_in_native, id=18108, stack(0x00000000021d0000,0x00000000022d0000)]

siginfo: ExceptionCode=0xc0000005, reading address 0x0000000026770000

Registers:
RAX=0x00000000000c0000, RBX=0x00000000022ce4e0, RCX=0x0000000000000004, RDX=0x0000000000000010
RSP=0x00000000022ce350, RBP=0x00000000022ce450, RSI=0x00000000022ce550, RDI=0x0000000026770000
R8 =0x0000000000000180, R9 =0x0000000026770800, R10=0x00000000fffffe08, R11=0x0000000026770000
R12=0x000000000000003f, R13=0x000000000000003f, R14=0x0000000026770000, R15=0x0000000023f3a000
RIP=0x00007ffe3198aec0, EFLAGS=0x0000000000010287

Top of Stack: (sp=0x00000000022ce350)
0x00000000022ce350:   0000000000000000 000000000000000c
0x00000000022ce360:   0000000000000010 0000000006000006
0x00000000022ce370:   0000000000000000 0000000000000000
0x00000000022ce380:   00000200000c0000 0000080000000180
0x00000000022ce390:   0000000400000010 0000000000000000
0x00000000022ce3a0:   00000000022ce550 0000000000000030
0x00000000022ce3b0:   0000000000000800 00000000022ce4e0
0x00000000022ce3c0:   0000000000000004 00000000266b0000
0x00000000022ce3d0:   0000003f00000001 0000000000010000
0x00000000022ce3e0:   0000000000000000 0000000000000000
0x00000000022ce3f0:   0000000000000000 0000000023f3a000
0x00000000022ce400:   fffffe0f000001e7 00000000fffffe0e
0x00000000022ce410:   00000000fffffe0c 00007ffe31991bd8
0x00000000022ce420:   00000000fffffe08 0000000000000000
0x00000000022ce430:   00000000ffffec15 0000000000000000
0x00000000022ce440:   00000000fffffe00 00000000022ce5a0 

Instructions: (pc=0x00007ffe3198aec0)
0x00007ffe3198aea0:   66 41 0f d6 48 20 66 41 0f d6 40 30 4c 3b f7 72
0x00007ffe3198aeb0:   8f 4c 63 4c 24 3c 4d 03 ce 4d 3b f1 73 73 66 90
0x00007ffe3198aec0:   f3 41 0f 6f 1e 4c 63 c0 2b 45 f0 23 45 f0 4d 03
0x00007ffe3198aed0:   c7 41 8b cc 49 8b d8 49 8b d0 49 83 c6 10 48 d3 


Register to memory mapping:

RAX=0x00000000000c0000 is an unknown value
RBX=0x00000000022ce4e0 is pointing into the stack for thread: 0x00000000022d0800
RCX=0x0000000000000004 is an unknown value
RDX=0x0000000000000010 is an unknown value
RSP=0x00000000022ce350 is pointing into the stack for thread: 0x00000000022d0800
RBP=0x00000000022ce450 is pointing into the stack for thread: 0x00000000022d0800
RSI=0x00000000022ce550 is pointing into the stack for thread: 0x00000000022d0800
RDI=0x0000000026770000 is an unknown value
R8 =0x0000000000000180 is an unknown value
R9 =0x0000000026770800 is an unknown value
R10=0x00000000fffffe08 is an unknown value
R11=0x0000000026770000 is an unknown value
R12=0x000000000000003f is an unknown value
R13=0x000000000000003f is an unknown value
R14=0x0000000026770000 is an unknown value
R15=0x0000000023f3a000 is an unknown value


Stack: [0x00000000021d0000,0x00000000022d0000],  sp=0x00000000022ce350,  free space=1016k
Native frames: (J=compiled Java code, j=interpreted, Vv=VM code, C=native code)
C  [ig75icd64.dll+0x59aec0]
C  [ig75icd64.dll+0x5979b8]
C  [ig75icd64.dll+0x496cac]
C  [ig75icd64.dll+0x49a35f]
C  [ig75icd64.dll+0x2ef789]
C  [ig75icd64.dll+0x2ef4c7]
C  [ig75icd64.dll+0x90f31]
C  [ig75icd64.dll+0x99b8c]
C  [ig75icd64.dll+0xa2b54]
C  [lwjgl.dll+0x5573d]
C  0x00000000023e7f54

Java frames: (J=compiled Java code, j=interpreted, Vv=VM code)
j  org.lwjgl.system.JNI.callPV(JIIIIIIIIJ)V+0
j  org.lwjgl.opengl.GL11.nglTexImage2D(IIIIIIIIJ)V+24
j  org.lwjgl.opengl.GL11.glTexImage2D(IIIIIIIILjava/nio/ByteBuffer;)V+30
j  renderEngine.Loader.loadTexture(Ljava/lang/String;)I+344
j  game_test.Startup.startGame()V+237
j  game_test.Main_module.main([Ljava/lang/String;)V+9
v  ~StubRoutines::call_stub

---------------  P R O C E S S  ---------------

Java Threads: ( => current thread )
  0x000000001dd96800 JavaThread "Service Thread" daemon [_thread_blocked, id=18016, stack(0x000000001e8b0000,0x000000001e9b0000)]
  0x000000001dd07800 JavaThread "C1 CompilerThread3" daemon [_thread_blocked, id=9148, stack(0x000000001e7b0000,0x000000001e8b0000)]
  0x000000001dd00800 JavaThread "C2 CompilerThread2" daemon [_thread_blocked, id=16336, stack(0x000000001e6b0000,0x000000001e7b0000)]
  0x000000001dcfd800 JavaThread "C2 CompilerThread1" daemon [_thread_blocked, id=8188, stack(0x000000001e5b0000,0x000000001e6b0000)]
  0x000000001dcfb000 JavaThread "C2 CompilerThread0" daemon [_thread_blocked, id=6468, stack(0x000000001e4b0000,0x000000001e5b0000)]
  0x000000001dcf9800 JavaThread "Attach Listener" daemon [_thread_blocked, id=13184, stack(0x000000001e3b0000,0x000000001e4b0000)]
  0x00000000023ce800 JavaThread "Signal Dispatcher" daemon [_thread_blocked, id=7192, stack(0x000000001e2b0000,0x000000001e3b0000)]
  0x00000000023c9000 JavaThread "Finalizer" daemon [_thread_blocked, id=4776, stack(0x000000001e0d0000,0x000000001e1d0000)]
  0x00000000023c6000 JavaThread "Reference Handler" daemon [_thread_blocked, id=8868, stack(0x000000001dbd0000,0x000000001dcd0000)]
=>0x00000000022d0800 JavaThread "main" [_thread_in_native, id=18108, stack(0x00000000021d0000,0x00000000022d0000)]

Other Threads:
  0x000000001bdf9000 VMThread [stack: 0x000000001dad0000,0x000000001dbd0000] [id=15432]
  0x000000001dd28800 WatcherThread [stack: 0x000000001e9b0000,0x000000001eab0000] [id=19148]

VM state:not at safepoint (normal execution)

VM Mutex/Monitor currently owned by a thread: None

Heap:
 PSYoungGen      total 141824K, used 14488K [0x000000076b380000, 0x000000077c880000, 0x00000007c0000000)
  eden space 131072K, 2% used [0x000000076b380000,0x000000076b729850,0x0000000773380000)
  from space 10752K, 99% used [0x0000000773380000,0x0000000773dfca88,0x0000000773e00000)
  to   space 10752K, 0% used [0x000000077be00000,0x000000077be00000,0x000000077c880000)
 ParOldGen       total 175104K, used 4104K [0x00000006c1a00000, 0x00000006cc500000, 0x000000076b380000)
  object space 175104K, 2% used [0x00000006c1a00000,0x00000006c1e02000,0x00000006cc500000)
 Metaspace       used 7554K, capacity 7753K, committed 7936K, reserved 1056768K
  class space    used 660K, capacity 745K, committed 768K, reserved 1048576K

Card table byte_map: [0x0000000011790000,0x0000000011f90000] byte_map_base: 0x000000000e183000

Marking Bits: (ParMarkBitMap*) 0x000000005c562f70
 Begin Bits: [0x0000000012ce0000, 0x0000000016c78000)
 End Bits:   [0x0000000016c78000, 0x000000001ac10000)

Polling page: 0x0000000000450000

CodeCache: size=245760Kb used=2896Kb max_used=2952Kb free=242863Kb
 bounds [0x00000000023d0000, 0x00000000026c0000, 0x00000000113d0000]
 total_blobs=1358 nmethods=596 adapters=675
 compilation: enabled

Compilation events (10 events):
Event: 0.772 Thread 0x000000001dd07800 nmethod 592 0x000000000268a690 code [0x000000000268a800, 0x000000000268abd0]
Event: 0.772 Thread 0x000000001dd07800  593   !   3       java.util.zip.ZipFile$ZipFileInflaterInputStream::close (67 bytes)
Event: 0.772 Thread 0x000000001dd07800 nmethod 593 0x000000000268ad10 code [0x000000000268aee0, 0x000000000268b718]
Event: 0.773 Thread 0x000000001dd07800  594       3       java.util.jar.Attributes$Name::hashCode (24 bytes)
Event: 0.773 Thread 0x000000001dd07800 nmethod 594 0x000000000268bad0 code [0x000000000268bc40, 0x000000000268be28]
Event: 0.774 Thread 0x000000001dd07800  595       3       java.lang.String::indexOf (166 bytes)
Event: 0.774 Thread 0x000000001dd07800 nmethod 595 0x000000000268c110 code [0x000000000268c2c0, 0x000000000268c910]
Event: 0.774 Thread 0x000000001dd07800  596   !   3       java.lang.ClassLoader::getPackage (118 bytes)
Event: 0.774 Thread 0x000000001dd07800 nmethod 596 0x000000000268ccd0 code [0x000000000268cea0, 0x000000000268d9a8]
Event: 0.897 Thread 0x000000001dcfd800 nmethod 554% 0x000000000269c290 code [0x000000000269c8a0, 0x00000000026a7d88]

GC Heap History (6 events):
Event: 0.496 GC heap before
{Heap before GC invocations=1 (full 0):
 PSYoungGen      total 76288K, used 65536K [0x000000076b380000, 0x0000000770880000, 0x00000007c0000000)
  eden space 65536K, 100% used [0x000000076b380000,0x000000076f380000,0x000000076f380000)
  from space 10752K, 0% used [0x000000076fe00000,0x000000076fe00000,0x0000000770880000)
  to   space 10752K, 0% used [0x000000076f380000,0x000000076f380000,0x000000076fe00000)
 ParOldGen       total 175104K, used 0K [0x00000006c1a00000, 0x00000006cc500000, 0x000000076b380000)
  object space 175104K, 0% used [0x00000006c1a00000,0x00000006c1a00000,0x00000006cc500000)
 Metaspace       used 7078K, capacity 7449K, committed 7680K, reserved 1056768K
  class space    used 612K, capacity 713K, committed 768K, reserved 1048576K
Event: 0.502 GC heap after
Heap after GC invocations=1 (full 0):
 PSYoungGen      total 76288K, used 9029K [0x000000076b380000, 0x0000000774880000, 0x00000007c0000000)
  eden space 65536K, 0% used [0x000000076b380000,0x000000076b380000,0x000000076f380000)
  from space 10752K, 83% used [0x000000076f380000,0x000000076fc51528,0x000000076fe00000)
  to   space 10752K, 0% used [0x0000000773e00000,0x0000000773e00000,0x0000000774880000)
 ParOldGen       total 175104K, used 8K [0x00000006c1a00000, 0x00000006cc500000, 0x000000076b380000)
  object space 175104K, 0% used [0x00000006c1a00000,0x00000006c1a02000,0x00000006cc500000)
 Metaspace       used 7078K, capacity 7449K, committed 7680K, reserved 1056768K
  class space    used 612K, capacity 713K, committed 768K, reserved 1048576K
}
Event: 0.560 GC heap before
{Heap before GC invocations=2 (full 0):
 PSYoungGen      total 76288K, used 74565K [0x000000076b380000, 0x0000000774880000, 0x00000007c0000000)
  eden space 65536K, 100% used [0x000000076b380000,0x000000076f380000,0x000000076f380000)
  from space 10752K, 83% used [0x000000076f380000,0x000000076fc51528,0x000000076fe00000)
  to   space 10752K, 0% used [0x0000000773e00000,0x0000000773e00000,0x0000000774880000)
 ParOldGen       total 175104K, used 8K [0x00000006c1a00000, 0x00000006cc500000, 0x000000076b380000)
  object space 175104K, 0% used [0x00000006c1a00000,0x00000006c1a02000,0x00000006cc500000)
 Metaspace       used 7099K, capacity 7449K, committed 7680K, reserved 1056768K
  class space    used 612K, capacity 713K, committed 768K, reserved 1048576K
Event: 0.568 GC heap after
Heap after GC invocations=2 (full 0):
 PSYoungGen      total 141824K, used 10732K [0x000000076b380000, 0x0000000774880000, 0x00000007c0000000)
  eden space 131072K, 0% used [0x000000076b380000,0x000000076b380000,0x0000000773380000)
  from space 10752K, 99% used [0x0000000773e00000,0x000000077487b2c8,0x0000000774880000)
  to   space 10752K, 0% used [0x0000000773380000,0x0000000773380000,0x0000000773e00000)
 ParOldGen       total 175104K, used 1352K [0x00000006c1a00000, 0x00000006cc500000, 0x000000076b380000)
  object space 175104K, 0% used [0x00000006c1a00000,0x00000006c1b52000,0x00000006cc500000)
 Metaspace       used 7099K, capacity 7449K, committed 7680K, reserved 1056768K
  class space    used 612K, capacity 713K, committed 768K, reserved 1048576K
}
Event: 0.731 GC heap before
{Heap before GC invocations=3 (full 0):
 PSYoungGen      total 141824K, used 141337K [0x000000076b380000, 0x0000000774880000, 0x00000007c0000000)
  eden space 131072K, 99% used [0x000000076b380000,0x000000077330b3d8,0x0000000773380000)
  from space 10752K, 99% used [0x0000000773e00000,0x000000077487b2c8,0x0000000774880000)
  to   space 10752K, 0% used [0x0000000773380000,0x0000000773380000,0x0000000773e00000)
 ParOldGen       total 175104K, used 1352K [0x00000006c1a00000, 0x00000006cc500000, 0x000000076b380000)
  object space 175104K, 0% used [0x00000006c1a00000,0x00000006c1b52000,0x00000006cc500000)
 Metaspace       used 7103K, capacity 7449K, committed 7680K, reserved 1056768K
  class space    used 612K, capacity 713K, committed 768K, reserved 1048576K
Event: 0.742 GC heap after
Heap after GC invocations=3 (full 0):
 PSYoungGen      total 141824K, used 10738K [0x000000076b380000, 0x000000077c880000, 0x00000007c0000000)
  eden space 131072K, 0% used [0x000000076b380000,0x000000076b380000,0x0000000773380000)
  from space 10752K, 99% used [0x0000000773380000,0x0000000773dfca88,0x0000000773e00000)
  to   space 10752K, 0% used [0x000000077be00000,0x000000077be00000,0x000000077c880000)
 ParOldGen       total 175104K, used 4104K [0x00000006c1a00000, 0x00000006cc500000, 0x000000076b380000)
  object space 175104K, 2% used [0x00000006c1a00000,0x00000006c1e02000,0x00000006cc500000)
 Metaspace       used 7103K, capacity 7449K, committed 7680K, reserved 1056768K
  class space    used 612K, capacity 713K, committed 768K, reserved 1048576K
}

Deoptimization events (10 events):
Event: 0.436 Thread 0x00000000022d0800 Uncommon trap: reason=unstable_if action=reinterpret pc=0x000000000260ee9c method=sun.misc.FloatingDecimal.readJavaFormatString(Ljava/lang/String;)Lsun/misc/FloatingDecimal$ASCIIToBinaryConverter; @ 235
Event: 0.436 Thread 0x00000000022d0800 Uncommon trap: reason=class_check action=maybe_recompile pc=0x0000000002610538 method=sun.misc.FloatingDecimal.parseFloat(Ljava/lang/String;)F @ 4
Event: 0.464 Thread 0x00000000022d0800 Uncommon trap: reason=class_check action=maybe_recompile pc=0x0000000002610538 method=sun.misc.FloatingDecimal.parseFloat(Ljava/lang/String;)F @ 4
Event: 0.481 Thread 0x00000000022d0800 Uncommon trap: reason=class_check action=maybe_recompile pc=0x0000000002610538 method=sun.misc.FloatingDecimal.parseFloat(Ljava/lang/String;)F @ 4
Event: 0.481 Thread 0x00000000022d0800 Uncommon trap: reason=class_check action=maybe_recompile pc=0x0000000002610538 method=sun.misc.FloatingDecimal.parseFloat(Ljava/lang/String;)F @ 4
Event: 0.681 Thread 0x00000000022d0800 Uncommon trap: reason=unstable_if action=reinterpret pc=0x0000000002612ae0 method=java.io.BufferedReader.readLine(Z)Ljava/lang/String; @ 55
Event: 0.690 Thread 0x00000000022d0800 Uncommon trap: reason=unstable_if action=reinterpret pc=0x0000000002675180 method=java.util.ArrayList$Itr.hasNext()Z @ 11
Event: 0.731 Thread 0x00000000022d0800 Uncommon trap: reason=unstable_if action=reinterpret pc=0x0000000002685774 method=objConverter.OBJFileLoader.convertDataToArrays(Ljava/util/List;Ljava/util/List;Ljava/util/List;[F[F[F[F)F @ 14
Event: 0.748 Thread 0x00000000022d0800 Uncommon trap: reason=unstable_if action=reinterpret pc=0x00000000026767e0 method=objConverter.OBJFileLoader.convertIndicesListToArray(Ljava/util/List;)[I @ 14
Event: 0.772 Thread 0x00000000022d0800 Uncommon trap: reason=unstable_if action=reinterpret pc=0x00000000025cef18 method=java.lang.String.indexOf([CII[CIII)I @ 134

Internal exceptions (4 events):
Event: 0.023 Thread 0x00000000022d0800 Exception <a 'java/lang/NoSuchMethodError': Method sun.misc.Unsafe.defineClass(Ljava/lang/String;[BII)Ljava/lang/Class; name or signature does not match> (0x000000076b387cc0) thrown at [C:\re\workspace\8-2-build-windows-amd64-cygwin\jdk8u91\6644\hotspot\sr¤ãÏAè¯—?
Event: 0.023 Thread 0x00000000022d0800 Exception <a 'java/lang/NoSuchMethodError': Method sun.misc.Unsafe.prefetchRead(Ljava/lang/Object;J)V name or signature does not match> (0x000000076b387fa8) thrown at [C:\re\workspace\8-2-build-windows-amd64-cygwin\jdk8u91\6644\hotspot\src\share\vm\prims\j¦œ–µÉ¹?
Event: 0.101 Thread 0x00000000022d0800 Exception <a 'java/lang/NoSuchFieldError': method resolution failed> (0x000000076b695dc8) thrown at [C:\re\workspace\8-2-build-windows-amd64-cygwin\jdk8u91\6644\hotspot\src\share\vm\prims\methodHandles.cpp, line 1146]
Event: 0.102 Thread 0x00000000022d0800 Exception <a 'java/lang/NoSuchFieldError': method resolution failed> (0x000000076b6a3148) thrown at [C:\re\workspace\8-2-build-windows-amd64-cygwin\jdk8u91\6644\hotspot\src\share\vm\prims\methodHandles.cpp, line 1146]

Events (10 events):
Event: 0.773 loading class org/lwjgl/system/jemalloc/JEmalloc$Functions
Event: 0.773 loading class org/lwjgl/system/jemalloc/JEmalloc$Functions done
Event: 0.774 loading class org/lwjgl/system/MemoryManage$DebugAllocator
Event: 0.774 loading class org/lwjgl/system/MemoryManage$DebugAllocator done
Event: 0.776 loading class entities/Entity
Event: 0.776 loading class entities/Entity done
Event: 0.776 loading class entities/Light
Event: 0.776 loading class entities/Light done
Event: 0.776 loading class terrains/Terrain
Event: 0.776 loading class terrains/Terrain done


Dynamic libraries:
0x00007ff624f60000 - 0x00007ff624f97000 	C:\Program Files\Java\jdk1.8.0_91\bin\java.exe
0x00007ffe6b1f0000 - 0x00007ffe6b3b1000 	C:\WINDOWS\SYSTEM32\ntdll.dll
0x00007ffe69290000 - 0x00007ffe6933d000 	C:\WINDOWS\system32\KERNEL32.DLL
0x00007ffe67a60000 - 0x00007ffe67c48000 	C:\WINDOWS\system32\KERNELBASE.dll
0x00007ffe685f0000 - 0x00007ffe68697000 	C:\WINDOWS\system32\ADVAPI32.dll
0x00007ffe68ef0000 - 0x00007ffe68f8d000 	C:\WINDOWS\system32\msvcrt.dll
0x00007ffe68f90000 - 0x00007ffe68feb000 	C:\WINDOWS\system32\sechost.dll
0x00007ffe690a0000 - 0x00007ffe691bc000 	C:\WINDOWS\system32\RPCRT4.dll
0x00007ffe6ae00000 - 0x00007ffe6af56000 	C:\WINDOWS\system32\USER32.dll
0x00007ffe6ac70000 - 0x00007ffe6adf6000 	C:\WINDOWS\system32\GDI32.dll
0x00007ffe62260000 - 0x00007ffe624d4000 	C:\WINDOWS\WinSxS\amd64_microsoft.windows.common-controls_6595b64144ccf1df_6.0.10586.0_none_8c15ae12515e1c22\COMCTL32.dll
0x00007ffe6af70000 - 0x00007ffe6b1ed000 	C:\WINDOWS\system32\combase.dll
0x00007ffe67930000 - 0x00007ffe6799a000 	C:\WINDOWS\system32\bcryptPrimitives.dll
0x00007ffe69060000 - 0x00007ffe6909b000 	C:\WINDOWS\system32\IMM32.DLL
0x000000005bc70000 - 0x000000005bd42000 	C:\Program Files\Java\jdk1.8.0_91\jre\bin\msvcr100.dll
0x000000005bd50000 - 0x000000005c5e3000 	C:\Program Files\Java\jdk1.8.0_91\jre\bin\server\jvm.dll
0x00007ffe6af60000 - 0x00007ffe6af68000 	C:\WINDOWS\system32\PSAPI.DLL
0x00007ffe59870000 - 0x00007ffe59879000 	C:\WINDOWS\SYSTEM32\WSOCK32.dll
0x00007ffe65ea0000 - 0x00007ffe65eaa000 	C:\WINDOWS\SYSTEM32\VERSION.dll
0x00007ffe652e0000 - 0x00007ffe65303000 	C:\WINDOWS\SYSTEM32\WINMM.dll
0x00007ffe68ff0000 - 0x00007ffe6905b000 	C:\WINDOWS\system32\WS2_32.dll
0x0000000002070000 - 0x000000000209c000 	C:\WINDOWS\SYSTEM32\WINMMBASE.dll
0x00007ffe67d60000 - 0x00007ffe67da3000 	C:\WINDOWS\system32\cfgmgr32.dll
0x000000005bc20000 - 0x000000005bc2f000 	C:\Program Files\Java\jdk1.8.0_91\jre\bin\verify.dll
0x000000005bbf0000 - 0x000000005bc19000 	C:\Program Files\Java\jdk1.8.0_91\jre\bin\java.dll
0x000000005bbd0000 - 0x000000005bbe6000 	C:\Program Files\Java\jdk1.8.0_91\jre\bin\zip.dll
0x00007ffe69710000 - 0x00007ffe6ac6c000 	C:\WINDOWS\system32\SHELL32.dll
0x00007ffe67db0000 - 0x00007ffe683f4000 	C:\WINDOWS\system32\windows.storage.dll
0x00007ffe694a0000 - 0x00007ffe694f2000 	C:\WINDOWS\system32\shlwapi.dll
0x00007ffe67810000 - 0x00007ffe6781f000 	C:\WINDOWS\system32\kernel.appcore.dll
0x00007ffe679a0000 - 0x00007ffe67a55000 	C:\WINDOWS\system32\shcore.dll
0x00007ffe67850000 - 0x00007ffe6789b000 	C:\WINDOWS\system32\powrprof.dll
0x00007ffe67820000 - 0x00007ffe67834000 	C:\WINDOWS\system32\profapi.dll
0x00007ffe5bc00000 - 0x00007ffe5bccc000 	C:\Users\Dylan\Documents\lwjgl1\native\lwjgl.dll
0x00007ffe68da0000 - 0x00007ffe68ee3000 	C:\WINDOWS\system32\ole32.dll
0x00007ffe66fa0000 - 0x00007ffe66fab000 	C:\WINDOWS\SYSTEM32\CRYPTBASE.DLL
0x00007ffe5cdb0000 - 0x00007ffe5cdeb000 	C:\Users\Dylan\Documents\lwjgl1\native\glfw.dll
0x00007ffe65900000 - 0x00007ffe65996000 	C:\WINDOWS\system32\uxtheme.dll
0x00007ffe5cb80000 - 0x00007ffe5cbc1000 	C:\WINDOWS\SYSTEM32\dinput8.dll
0x00007ffe5d290000 - 0x00007ffe5d29e000 	C:\WINDOWS\SYSTEM32\xinput1_4.dll
0x00007ffe673c0000 - 0x00007ffe673e7000 	C:\WINDOWS\SYSTEM32\DEVOBJ.dll
0x00007ffe638d0000 - 0x00007ffe638f2000 	C:\WINDOWS\SYSTEM32\dwmapi.dll
0x00007ffe46480000 - 0x00007ffe465a9000 	C:\WINDOWS\SYSTEM32\opengl32.dll
0x00007ffe497b0000 - 0x00007ffe497de000 	C:\WINDOWS\SYSTEM32\GLU32.dll
0x00007ffe46380000 - 0x00007ffe4647a000 	C:\WINDOWS\SYSTEM32\DDRAW.dll
0x00007ffe497a0000 - 0x00007ffe497a8000 	C:\WINDOWS\SYSTEM32\DCIMAN32.dll
0x00007ffe65e90000 - 0x00007ffe65e9c000 	C:\WINDOWS\SYSTEM32\HID.DLL
0x00007ffe686b0000 - 0x00007ffe68ad9000 	C:\WINDOWS\system32\SETUPAPI.DLL
0x00007ffe67d00000 - 0x00007ffe67d55000 	C:\WINDOWS\system32\WINTRUST.dll
0x00007ffe67840000 - 0x00007ffe67850000 	C:\WINDOWS\system32\MSASN1.dll
0x00007ffe68420000 - 0x00007ffe685e8000 	C:\WINDOWS\system32\CRYPT32.dll
0x00007ffe69500000 - 0x00007ffe6965a000 	C:\WINDOWS\system32\MSCTF.dll
0x00007ffe313f0000 - 0x00007ffe31f0f000 	C:\WINDOWS\SYSTEM32\ig75icd64.dll
0x00007ffe5d780000 - 0x00007ffe5e19f000 	C:\WINDOWS\SYSTEM32\igdusc64.dll
0x00007ffe652c0000 - 0x00007ffe652d3000 	C:\WINDOWS\SYSTEM32\WTSAPI32.dll
0x000000005bbb0000 - 0x000000005bbca000 	C:\Program Files\Java\jdk1.8.0_91\jre\bin\net.dll
0x00007ffe66dd0000 - 0x00007ffe66e2c000 	C:\WINDOWS\system32\mswsock.dll
0x000000005bb90000 - 0x000000005bba1000 	C:\Program Files\Java\jdk1.8.0_91\jre\bin\nio.dll
0x00007ffe53a20000 - 0x00007ffe53a58000 	C:\Users\Dylan\Documents\lwjgl1\native\jemalloc.dll
0x00007ffe3f160000 - 0x00007ffe3f2ec000 	C:\WINDOWS\SYSTEM32\dbghelp.dll

VM Arguments:
jvm_args: -Dfile.encoding=UTF-8 -Djava.library.path=C:\Users\Dylan\Documents\lwjgl1\native 
java_command: game_test.Main_module
java_class_path (initial): C:\Users\Dylan\Documents\NetBeansProjects\game_test_newer_build\lib\lwjgl_3-build79\lwjgl.jar;C:\Users\Dylan\Documents\NetBeansProjects\game_test_newer_build\lib\PNGDecoder\PNGDecoder.jar;C:\Users\Dylan\Documents\NetBeansProjects\game_test_newer_build\lib\slick-util\slick-util.jar;C:\Users\Dylan\Documents\NetBeansProjects\game_test_newer_build\build\classes
Launcher Type: SUN_STANDARD

Environment Variables:
JAVA_HOME=C:\Program Files\Java\jdk1.8.0_91
PATH=C:\ProgramData\Oracle\Java\javapath;C:\Program Files (x86)\Intel\iCLS Client\;C:\Program Files\Intel\iCLS Client\;C:\Windows\system32;C:\Windows;C:\Windows\System32\Wbem;C:\Windows\System32\WindowsPowerShell\v1.0\;C:\Program Files\Intel\Intel(R) Management Engine Components\DAL;C:\Program Files (x86)\Intel\Intel(R) Management Engine Components\DAL;C:\Program Files\Intel\Intel(R) Management Engine Components\IPT;C:\Program Files (x86)\Intel\Intel(R) Management Engine Components\IPT;C:\Program Files\Intel\WiFi\bin\;C:\Program Files\Common Files\Intel\WirelessCommon\;C:\Program Files (x86)\NVIDIA Corporation\PhysX\Common;C:\Program Files\MATLAB\R2015b\bin;C:\Aldec\Active-HDL Student Edition\bin;C:\Program Files (x86)\Windows Live\Shared;C:\WINDOWS\system32;C:\WINDOWS;C:\WINDOWS\System32\Wbem;C:\WINDOWS\System32\WindowsPowerShell\v1.0\;C:\Program Files (x86)\Windows Kits\8.1\Windows Performance Toolkit\;C:\Program Files\jEdit;C:\Users\Dylan\Documents\gradle-2.13\bin;%JAVA_HOME%\bin;C:\OrCAD\OrCAD_16.6_Lite\tools\pcb\bin;C:\OrCAD\OrCAD_16.6_Lite\tools\fet\bin;C:\OrCAD\OrCAD_16.6_Lite\OpenAccess\bin\win32\opt;C:\OrCAD\OrCAD_16.6_Lite\tools\bin;C:\OrCAD\OrCAD_16.6_Lite\tools\Capture;C:\OrCAD\OrCAD_16.6_Lite\tools\PSpice;
USERNAME=Dylan
OS=Windows_NT
PROCESSOR_IDENTIFIER=Intel64 Family 6 Model 60 Stepping 3, GenuineIntel



---------------  S Y S T E M  ---------------

OS: Windows 10.0 , 64 bit Build 10586 (10.0.10586.0)

CPU:total 8 (4 cores per cpu, 2 threads per core) family 6 model 60 stepping 3, cmov, cx8, fxsr, mmx, sse, sse2, sse3, ssse3, sse4.1, sse4.2, popcnt, avx, avx2, aes, clmul, erms, lzcnt, ht, tsc, tscinvbit, bmi1, bmi2

Memory: 4k page, physical 16663592k(8609844k free), swap 19153960k(6239476k free)

vm_info: Java HotSpot(TM) 64-Bit Server VM (25.91-b14) for windows-amd64 JRE (1.8.0_91-b14), built on Apr  1 2016 00:58:32 by "java_re" with MS VC++ 10.0 (VS2010)

time: Sat Jun 11 02:07:59 2016
elapsed time: 0 seconds (0d 0h 0m 0s)

