#
# A fatal error has been detected by the Java Runtime Environment:
#
#  EXCEPTION_ACCESS_VIOLATION (0xc0000005) at pc=0x00007ff99036aec0, pid=10632, tid=8624
#
# JRE version: Java(TM) SE Runtime Environment (8.0_91-b14) (build 1.8.0_91-b14)
# Java VM: Java HotSpot(TM) 64-Bit Server VM (25.91-b14 mixed mode windows-amd64 compressed oops)
# Problematic frame:
# C  [ig75icd64.dll+0x59aec0]
#
# Failed to write core dump. Minidumps are not enabled by default on client versions of Windows
#
# If you would like to submit a bug report, please visit:
#   http://bugreport.java.com/bugreport/crash.jsp
# The crash happened outside the Java Virtual Machine in native code.
# See problematic frame for where to report the bug.
#

---------------  T H R E A D  ---------------

Current thread (0x0000000002ca0800):  JavaThread "main" [_thread_in_native, id=8624, stack(0x0000000002b60000,0x0000000002c60000)]

siginfo: ExceptionCode=0xc0000005, reading address 0x00000000669c0000

Registers:
RAX=0x00000000000c0000, RBX=0x0000000002c5eae0, RCX=0x0000000000000004, RDX=0x0000000000000010
RSP=0x0000000002c5e950, RBP=0x0000000002c5ea50, RSI=0x0000000002c5eb50, RDI=0x00000000669c0000
R8 =0x0000000000000180, R9 =0x00000000669c0800, R10=0x00000000fffffe08, R11=0x00000000669c0000
R12=0x000000000000003f, R13=0x000000000000003f, R14=0x00000000669c0000, R15=0x0000000064fdc000
RIP=0x00007ff99036aec0, EFLAGS=0x0000000000010287

Top of Stack: (sp=0x0000000002c5e950)
0x0000000002c5e950:   0000000000000000 000000000000000c
0x0000000002c5e960:   0000000000000010 0000000000000000
0x0000000002c5e970:   0000000000000000 00007ff9c27f5c5f
0x0000000002c5e980:   00000200000c0000 0000080000000180
0x0000000002c5e990:   0000000400000010 0000000000000000
0x0000000002c5e9a0:   0000000002c5eb50 0000000000000030
0x0000000002c5e9b0:   0000000000000800 0000000002c5eae0
0x0000000002c5e9c0:   0000000000000004 0000000066900000
0x0000000002c5e9d0:   0000003f00000001 00007ff900010000
0x0000000002c5e9e0:   0000000000000000 00000000000000b0
0x0000000002c5e9f0:   0000000000002000 0000000064fdc000
0x0000000002c5ea00:   fffffe0f685607a0 00007ff9fffffe0e
0x0000000002c5ea10:   00000000fffffe0c 00007ff990371bd8
0x0000000002c5ea20:   00000000fffffe08 00000000685607d0
0x0000000002c5ea30:   52de095a8b2bb841 bba50583beb0b747
0x0000000002c5ea40:   00000000fffffe00 0000000002c5eba0 

Instructions: (pc=0x00007ff99036aec0)
0x00007ff99036aea0:   66 41 0f d6 48 20 66 41 0f d6 40 30 4c 3b f7 72
0x00007ff99036aeb0:   8f 4c 63 4c 24 3c 4d 03 ce 4d 3b f1 73 73 66 90
0x00007ff99036aec0:   f3 41 0f 6f 1e 4c 63 c0 2b 45 f0 23 45 f0 4d 03
0x00007ff99036aed0:   c7 41 8b cc 49 8b d8 49 8b d0 49 83 c6 10 48 d3 


Register to memory mapping:

RAX=0x00000000000c0000 is an unknown value
RBX=0x0000000002c5eae0 is pointing into the stack for thread: 0x0000000002ca0800
RCX=0x0000000000000004 is an unknown value
RDX=0x0000000000000010 is an unknown value
RSP=0x0000000002c5e950 is pointing into the stack for thread: 0x0000000002ca0800
RBP=0x0000000002c5ea50 is pointing into the stack for thread: 0x0000000002ca0800
RSI=0x0000000002c5eb50 is pointing into the stack for thread: 0x0000000002ca0800
RDI=0x00000000669c0000 is an unknown value
R8 =0x0000000000000180 is an unknown value
R9 =0x00000000669c0800 is an unknown value
R10=0x00000000fffffe08 is an unknown value
R11=0x00000000669c0000 is an unknown value
R12=0x000000000000003f is an unknown value
R13=0x000000000000003f is an unknown value
R14=0x00000000669c0000 is an unknown value
R15=0x0000000064fdc000 is an unknown value


Stack: [0x0000000002b60000,0x0000000002c60000],  sp=0x0000000002c5e950,  free space=1018k
Native frames: (J=compiled Java code, j=interpreted, Vv=VM code, C=native code)
C  [ig75icd64.dll+0x59aec0]
C  [ig75icd64.dll+0x5979b8]
C  [ig75icd64.dll+0x496cac]
C  [ig75icd64.dll+0x49a35f]
C  [ig75icd64.dll+0x2ef789]
C  [ig75icd64.dll+0x2ef4c7]
C  [ig75icd64.dll+0x90f31]
C  [ig75icd64.dll+0x99b8c]
C  [ig75icd64.dll+0xa2b54]
C  [lwjgl.dll+0x5573d]
C  0x0000000002db7f54

Java frames: (J=compiled Java code, j=interpreted, Vv=VM code)
j  org.lwjgl.system.JNI.callPV(JIIIIIIIIJ)V+0
j  org.lwjgl.opengl.GL11.nglTexImage2D(IIIIIIIIJ)V+24
j  org.lwjgl.opengl.GL11.glTexImage2D(IIIIIIIILjava/nio/ByteBuffer;)V+30
j  renderEngine.Loader.loadTexture(Ljava/lang/String;)I+345
j  game_test.MainGameLoop.loop()V+588
j  game_test.MainGameLoop.main([Ljava/lang/String;)V+3
v  ~StubRoutines::call_stub

---------------  P R O C E S S  ---------------

Java Threads: ( => current thread )
  0x000000001e7ca800 JavaThread "Service Thread" daemon [_thread_blocked, id=8040, stack(0x000000001f2f0000,0x000000001f3f0000)]
  0x000000001e745800 JavaThread "C1 CompilerThread3" daemon [_thread_blocked, id=5732, stack(0x000000001f1f0000,0x000000001f2f0000)]
  0x000000001e743000 JavaThread "C2 CompilerThread2" daemon [_thread_blocked, id=16260, stack(0x000000001f0f0000,0x000000001f1f0000)]
  0x000000001e73c000 JavaThread "C2 CompilerThread1" daemon [_thread_blocked, id=5928, stack(0x000000001eff0000,0x000000001f0f0000)]
  0x000000001e739000 JavaThread "C2 CompilerThread0" daemon [_thread_blocked, id=4556, stack(0x000000001eef0000,0x000000001eff0000)]
  0x000000001e738000 JavaThread "Attach Listener" daemon [_thread_blocked, id=4368, stack(0x000000001edf0000,0x000000001eef0000)]
  0x000000001e735000 JavaThread "Signal Dispatcher" daemon [_thread_blocked, id=5272, stack(0x000000001ecf0000,0x000000001edf0000)]
  0x000000001e730800 JavaThread "Finalizer" daemon [_thread_blocked, id=8540, stack(0x000000001eb10000,0x000000001ec10000)]
  0x0000000002d94000 JavaThread "Reference Handler" daemon [_thread_blocked, id=16072, stack(0x000000001e610000,0x000000001e710000)]
=>0x0000000002ca0800 JavaThread "main" [_thread_in_native, id=8624, stack(0x0000000002b60000,0x0000000002c60000)]

Other Threads:
  0x000000001c819800 VMThread [stack: 0x000000001e510000,0x000000001e610000] [id=9944]
  0x000000001e764800 WatcherThread [stack: 0x000000001f3f0000,0x000000001f4f0000] [id=15928]

VM state:not at safepoint (normal execution)

VM Mutex/Monitor currently owned by a thread: None

Heap:
 PSYoungGen      total 141824K, used 20026K [0x000000076b380000, 0x000000077c880000, 0x00000007c0000000)
  eden space 131072K, 7% used [0x000000076b380000,0x000000076bc92720,0x0000000773380000)
  from space 10752K, 99% used [0x0000000773380000,0x0000000773dfc2e8,0x0000000773e00000)
  to   space 10752K, 0% used [0x000000077be00000,0x000000077be00000,0x000000077c880000)
 ParOldGen       total 175104K, used 14944K [0x00000006c1a00000, 0x00000006cc500000, 0x000000076b380000)
  object space 175104K, 8% used [0x00000006c1a00000,0x00000006c2898000,0x00000006cc500000)
 Metaspace       used 7820K, capacity 8001K, committed 8192K, reserved 1056768K
  class space    used 671K, capacity 739K, committed 768K, reserved 1048576K

Card table byte_map: [0x0000000012160000,0x0000000012960000] byte_map_base: 0x000000000eb53000

Marking Bits: (ParMarkBitMap*) 0x0000000076152f70
 Begin Bits: [0x00000000136b0000, 0x0000000017648000)
 End Bits:   [0x0000000017648000, 0x000000001b5e0000)

Polling page: 0x0000000002b10000

CodeCache: size=245760Kb used=2886Kb max_used=2922Kb free=242873Kb
 bounds [0x0000000002da0000, 0x0000000003080000, 0x0000000011da0000]
 total_blobs=1372 nmethods=588 adapters=697
 compilation: enabled

Compilation events (10 events):
Event: 0.965 Thread 0x000000001e739000  585       4       java.lang.Integer::parseInt (7 bytes)
Event: 0.965 Thread 0x000000001e743000 nmethod 582 0x0000000003062950 code [0x0000000003062a80, 0x0000000003062af8]
Event: 0.966 Thread 0x000000001e745800 nmethod 583 0x00000000030643d0 code [0x0000000003064600, 0x0000000003065118]
Event: 0.966 Thread 0x000000001e745800  584       3       objConverter.OBJFileLoader::dealWithAlreadyProcessedVertex (113 bytes)
Event: 0.967 Thread 0x000000001e745800 nmethod 584 0x0000000003062b50 code [0x0000000003062da0, 0x0000000003063b78]
Event: 0.967 Thread 0x000000001e745800  586       3       org.lwjgl.opengl.GL::getCapabilities (25 bytes)
Event: 0.968 Thread 0x000000001e745800 nmethod 586 0x00000000030622d0 code [0x0000000003062460, 0x00000000030627b8]
Event: 0.972 Thread 0x000000001e739000 nmethod 585 0x000000000305e590 code [0x000000000305e6e0, 0x000000000305ec18]
Event: 0.976 Thread 0x000000001e745800  588       3       java.nio.charset.CoderResult::isOverflow (14 bytes)
Event: 0.976 Thread 0x000000001e745800 nmethod 588 0x0000000003061bd0 code [0x0000000003061d20, 0x0000000003061ed0]

GC Heap History (6 events):
Event: 0.509 GC heap before
{Heap before GC invocations=1 (full 0):
 PSYoungGen      total 76288K, used 65536K [0x000000076b380000, 0x0000000770880000, 0x00000007c0000000)
  eden space 65536K, 100% used [0x000000076b380000,0x000000076f380000,0x000000076f380000)
  from space 10752K, 0% used [0x000000076fe00000,0x000000076fe00000,0x0000000770880000)
  to   space 10752K, 0% used [0x000000076f380000,0x000000076f380000,0x000000076fe00000)
 ParOldGen       total 175104K, used 0K [0x00000006c1a00000, 0x00000006cc500000, 0x000000076b380000)
  object space 175104K, 0% used [0x00000006c1a00000,0x00000006c1a00000,0x00000006cc500000)
 Metaspace       used 7522K, capacity 7681K, committed 7936K, reserved 1056768K
  class space    used 658K, capacity 739K, committed 768K, reserved 1048576K
Event: 0.514 GC heap after
Heap after GC invocations=1 (full 0):
 PSYoungGen      total 76288K, used 9124K [0x000000076b380000, 0x0000000774880000, 0x00000007c0000000)
  eden space 65536K, 0% used [0x000000076b380000,0x000000076b380000,0x000000076f380000)
  from space 10752K, 84% used [0x000000076f380000,0x000000076fc69298,0x000000076fe00000)
  to   space 10752K, 0% used [0x0000000773e00000,0x0000000773e00000,0x0000000774880000)
 ParOldGen       total 175104K, used 8K [0x00000006c1a00000, 0x00000006cc500000, 0x000000076b380000)
  object space 175104K, 0% used [0x00000006c1a00000,0x00000006c1a02000,0x00000006cc500000)
 Metaspace       used 7522K, capacity 7681K, committed 7936K, reserved 1056768K
  class space    used 658K, capacity 739K, committed 768K, reserved 1048576K
}
Event: 0.564 GC heap before
{Heap before GC invocations=2 (full 0):
 PSYoungGen      total 76288K, used 74660K [0x000000076b380000, 0x0000000774880000, 0x00000007c0000000)
  eden space 65536K, 100% used [0x000000076b380000,0x000000076f380000,0x000000076f380000)
  from space 10752K, 84% used [0x000000076f380000,0x000000076fc69298,0x000000076fe00000)
  to   space 10752K, 0% used [0x0000000773e00000,0x0000000773e00000,0x0000000774880000)
 ParOldGen       total 175104K, used 8K [0x00000006c1a00000, 0x00000006cc500000, 0x000000076b380000)
  object space 175104K, 0% used [0x00000006c1a00000,0x00000006c1a02000,0x00000006cc500000)
 Metaspace       used 7537K, capacity 7681K, committed 7936K, reserved 1056768K
  class space    used 658K, capacity 739K, committed 768K, reserved 1048576K
Event: 0.572 GC heap after
Heap after GC invocations=2 (full 0):
 PSYoungGen      total 141824K, used 10721K [0x000000076b380000, 0x0000000774880000, 0x00000007c0000000)
  eden space 131072K, 0% used [0x000000076b380000,0x000000076b380000,0x0000000773380000)
  from space 10752K, 99% used [0x0000000773e00000,0x0000000774878710,0x0000000774880000)
  to   space 10752K, 0% used [0x0000000773380000,0x0000000773380000,0x0000000773e00000)
 ParOldGen       total 175104K, used 1112K [0x00000006c1a00000, 0x00000006cc500000, 0x000000076b380000)
  object space 175104K, 0% used [0x00000006c1a00000,0x00000006c1b16000,0x00000006cc500000)
 Metaspace       used 7537K, capacity 7681K, committed 7936K, reserved 1056768K
  class space    used 658K, capacity 739K, committed 768K, reserved 1048576K
}
Event: 0.703 GC heap before
{Heap before GC invocations=3 (full 0):
 PSYoungGen      total 141824K, used 140669K [0x000000076b380000, 0x0000000774880000, 0x00000007c0000000)
  eden space 131072K, 99% used [0x000000076b380000,0x00000007732670b0,0x0000000773380000)
  from space 10752K, 99% used [0x0000000773e00000,0x0000000774878710,0x0000000774880000)
  to   space 10752K, 0% used [0x0000000773380000,0x0000000773380000,0x0000000773e00000)
 ParOldGen       total 175104K, used 1112K [0x00000006c1a00000, 0x00000006cc500000, 0x000000076b380000)
  object space 175104K, 0% used [0x00000006c1a00000,0x00000006c1b16000,0x00000006cc500000)
 Metaspace       used 7538K, capacity 7681K, committed 7936K, reserved 1056768K
  class space    used 658K, capacity 739K, committed 768K, reserved 1048576K
Event: 0.722 GC heap after
Heap after GC invocations=3 (full 0):
 PSYoungGen      total 141824K, used 10736K [0x000000076b380000, 0x000000077c880000, 0x00000007c0000000)
  eden space 131072K, 0% used [0x000000076b380000,0x000000076b380000,0x0000000773380000)
  from space 10752K, 99% used [0x0000000773380000,0x0000000773dfc2e8,0x0000000773e00000)
  to   space 10752K, 0% used [0x000000077be00000,0x000000077be00000,0x000000077c880000)
 ParOldGen       total 175104K, used 14944K [0x00000006c1a00000, 0x00000006cc500000, 0x000000076b380000)
  object space 175104K, 8% used [0x00000006c1a00000,0x00000006c2898000,0x00000006cc500000)
 Metaspace       used 7538K, capacity 7681K, committed 7936K, reserved 1056768K
  class space    used 658K, capacity 739K, committed 768K, reserved 1048576K
}

Deoptimization events (10 events):
Event: 0.456 Thread 0x0000000002ca0800 Uncommon trap: reason=array_check action=maybe_recompile pc=0x0000000003002a28 method=java.util.AbstractCollection.toArray([Ljava/lang/Object;)[Ljava/lang/Object; @ 119
Event: 0.456 Thread 0x0000000002ca0800 Uncommon trap: reason=array_check action=maybe_recompile pc=0x0000000003002a28 method=java.util.AbstractCollection.toArray([Ljava/lang/Object;)[Ljava/lang/Object; @ 119
Event: 0.456 Thread 0x0000000002ca0800 Uncommon trap: reason=array_check action=maybe_recompile pc=0x0000000003002a28 method=java.util.AbstractCollection.toArray([Ljava/lang/Object;)[Ljava/lang/Object; @ 119
Event: 0.702 Thread 0x0000000002ca0800 Uncommon trap: reason=unstable_if action=reinterpret pc=0x00000000030389b0 method=objConverter.OBJFileLoader.removeUnusedVertices(Ljava/util/List;)V @ 13
Event: 0.761 Thread 0x0000000002ca0800 Uncommon trap: reason=unstable_if action=reinterpret pc=0x00000000030496f4 method=objConverter.OBJFileLoader.convertDataToArrays(Ljava/util/List;Ljava/util/List;Ljava/util/List;[F[F[F[F)F @ 14
Event: 0.768 Thread 0x0000000002ca0800 Uncommon trap: reason=unstable_if action=reinterpret pc=0x000000000303ee60 method=objConverter.OBJFileLoader.convertIndicesListToArray(Ljava/util/List;)[I @ 14
Event: 0.965 Thread 0x0000000002ca0800 Uncommon trap: reason=unstable_if action=reinterpret pc=0x000000000304d6ec method=objConverter.Vertex.hasSameTextureAndNormal(II)Z @ 13
Event: 0.965 Thread 0x0000000002ca0800 Uncommon trap: reason=unstable_if action=reinterpret pc=0x00000000030434a4 method=objConverter.Vertex.hasSameTextureAndNormal(II)Z @ 13
Event: 0.965 Thread 0x0000000002ca0800 Uncommon trap: reason=unstable_if action=reinterpret pc=0x000000000303f688 method=objConverter.OBJFileLoader.removeUnusedVertices(Ljava/util/List;)V @ 13
Event: 0.965 Thread 0x0000000002ca0800 Uncommon trap: reason=unstable_if action=reinterpret pc=0x0000000003047a48 method=objConverter.OBJFileLoader.convertDataToArrays(Ljava/util/List;Ljava/util/List;Ljava/util/List;[F[F[F[F)F @ 14

Internal exceptions (4 events):
Event: 0.025 Thread 0x0000000002ca0800 Exception <a 'java/lang/NoSuchMethodError': Method sun.misc.Unsafe.defineClass(Ljava/lang/String;[BII)Ljava/lang/Class; name or signature does not match> (0x000000076b387cc0) thrown at [C:\re\workspace\8-2-build-windows-amd64-cygwin\jdk8u91\6644\hotspot\srˆVŠóJ[™?
Event: 0.025 Thread 0x0000000002ca0800 Exception <a 'java/lang/NoSuchMethodError': Method sun.misc.Unsafe.prefetchRead(Ljava/lang/Object;J)V name or signature does not match> (0x000000076b387fa8) thrown at [C:\re\workspace\8-2-build-windows-amd64-cygwin\jdk8u91\6644\hotspot\src\share\vm\prims\j
Event: 0.104 Thread 0x0000000002ca0800 Exception <a 'java/lang/NoSuchFieldError': method resolution failed> (0x000000076b6a6fd8) thrown at [C:\re\workspace\8-2-build-windows-amd64-cygwin\jdk8u91\6644\hotspot\src\share\vm\prims\methodHandles.cpp, line 1146]
Event: 0.105 Thread 0x0000000002ca0800 Exception <a 'java/lang/NoSuchFieldError': method resolution failed> (0x000000076b6b4358) thrown at [C:\re\workspace\8-2-build-windows-amd64-cygwin\jdk8u91\6644\hotspot\src\share\vm\prims\methodHandles.cpp, line 1146]

Events (10 events):
Event: 0.965 Thread 0x0000000002ca0800 DEOPT UNPACKING pc=0x0000000002de582a sp=0x0000000002c5f2d8 mode 2
Event: 0.965 Thread 0x0000000002ca0800 Uncommon trap: trap_request=0xffffff65 fr.pc=0x00000000030434a4
Event: 0.965 Thread 0x0000000002ca0800 DEOPT PACKING pc=0x00000000030434a4 sp=0x0000000002c5f340
Event: 0.965 Thread 0x0000000002ca0800 DEOPT UNPACKING pc=0x0000000002de582a sp=0x0000000002c5f2c8 mode 2
Event: 0.965 Thread 0x0000000002ca0800 Uncommon trap: trap_request=0xffffff65 fr.pc=0x000000000303f688
Event: 0.965 Thread 0x0000000002ca0800 DEOPT PACKING pc=0x000000000303f688 sp=0x0000000002c5f450
Event: 0.965 Thread 0x0000000002ca0800 DEOPT UNPACKING pc=0x0000000002de582a sp=0x0000000002c5f3f0 mode 2
Event: 0.965 Thread 0x0000000002ca0800 Uncommon trap: trap_request=0xffffff65 fr.pc=0x0000000003047a48
Event: 0.965 Thread 0x0000000002ca0800 DEOPT PACKING pc=0x0000000003047a48 sp=0x0000000002c5f400
Event: 0.965 Thread 0x0000000002ca0800 DEOPT UNPACKING pc=0x0000000002de582a sp=0x0000000002c5f390 mode 2


Dynamic libraries:
0x00007ff7166b0000 - 0x00007ff7166e7000 	C:\Program Files\Java\jdk1.8.0_91\bin\java.exe
0x00007ff9c27d0000 - 0x00007ff9c2991000 	C:\WINDOWS\SYSTEM32\ntdll.dll
0x00007ff9c1950000 - 0x00007ff9c19fd000 	C:\WINDOWS\system32\KERNEL32.DLL
0x00007ff9bf300000 - 0x00007ff9bf4e8000 	C:\WINDOWS\system32\KERNELBASE.dll
0x00007ff9c1580000 - 0x00007ff9c1627000 	C:\WINDOWS\system32\ADVAPI32.dll
0x00007ff9c2600000 - 0x00007ff9c269d000 	C:\WINDOWS\system32\msvcrt.dll
0x00007ff9c1ee0000 - 0x00007ff9c1f3b000 	C:\WINDOWS\system32\sechost.dll
0x00007ff9bfe50000 - 0x00007ff9bff6c000 	C:\WINDOWS\system32\RPCRT4.dll
0x00007ff9c1a00000 - 0x00007ff9c1b56000 	C:\WINDOWS\system32\USER32.dll
0x00007ff9c1b80000 - 0x00007ff9c1d06000 	C:\WINDOWS\system32\GDI32.dll
0x00007ff9ba640000 - 0x00007ff9ba8b4000 	C:\WINDOWS\WinSxS\amd64_microsoft.windows.common-controls_6595b64144ccf1df_6.0.10586.0_none_8c15ae12515e1c22\COMCTL32.dll
0x00007ff9c2370000 - 0x00007ff9c25ed000 	C:\WINDOWS\system32\combase.dll
0x00007ff9bfb40000 - 0x00007ff9bfbaa000 	C:\WINDOWS\system32\bcryptPrimitives.dll
0x00007ff9bfe10000 - 0x00007ff9bfe4b000 	C:\WINDOWS\system32\IMM32.DLL
0x0000000075860000 - 0x0000000075932000 	C:\Program Files\Java\jdk1.8.0_91\jre\bin\msvcr100.dll
0x0000000075940000 - 0x00000000761d3000 	C:\Program Files\Java\jdk1.8.0_91\jre\bin\server\jvm.dll
0x00007ff9c1d10000 - 0x00007ff9c1d18000 	C:\WINDOWS\system32\PSAPI.DLL
0x00007ff9bac00000 - 0x00007ff9bac0a000 	C:\WINDOWS\SYSTEM32\VERSION.dll
0x00007ff9a2f80000 - 0x00007ff9a2f89000 	C:\WINDOWS\SYSTEM32\WSOCK32.dll
0x00007ff9bcfb0000 - 0x00007ff9bcfd3000 	C:\WINDOWS\SYSTEM32\WINMM.dll
0x00007ff9c2760000 - 0x00007ff9c27cb000 	C:\WINDOWS\system32\WS2_32.dll
0x0000000002b30000 - 0x0000000002b5c000 	C:\WINDOWS\SYSTEM32\WINMMBASE.dll
0x00007ff9bf1c0000 - 0x00007ff9bf203000 	C:\WINDOWS\system32\cfgmgr32.dll
0x0000000075810000 - 0x000000007581f000 	C:\Program Files\Java\jdk1.8.0_91\jre\bin\verify.dll
0x00000000757e0000 - 0x0000000075809000 	C:\Program Files\Java\jdk1.8.0_91\jre\bin\java.dll
0x00000000757c0000 - 0x00000000757d6000 	C:\Program Files\Java\jdk1.8.0_91\jre\bin\zip.dll
0x00007ff9c0020000 - 0x00007ff9c157c000 	C:\WINDOWS\system32\SHELL32.dll
0x00007ff9bf4f0000 - 0x00007ff9bfb34000 	C:\WINDOWS\system32\windows.storage.dll
0x00007ff9c2700000 - 0x00007ff9c2752000 	C:\WINDOWS\system32\shlwapi.dll
0x00007ff9bee20000 - 0x00007ff9bee2f000 	C:\WINDOWS\system32\kernel.appcore.dll
0x00007ff9bf050000 - 0x00007ff9bf105000 	C:\WINDOWS\system32\shcore.dll
0x00007ff9bee30000 - 0x00007ff9bee7b000 	C:\WINDOWS\system32\powrprof.dll
0x00007ff9bee00000 - 0x00007ff9bee14000 	C:\WINDOWS\system32\profapi.dll
0x00007ff9af3e0000 - 0x00007ff9af4ac000 	C:\Users\Dylan\Documents\lwjgl1\native\lwjgl.dll
0x00007ff9c1d90000 - 0x00007ff9c1ed3000 	C:\WINDOWS\system32\ole32.dll
0x00007ff9be890000 - 0x00007ff9be89b000 	C:\WINDOWS\SYSTEM32\CRYPTBASE.DLL
0x00007ff9b6260000 - 0x00007ff9b629b000 	C:\Users\Dylan\Documents\lwjgl1\native\glfw.dll
0x00007ff9bd850000 - 0x00007ff9bd8e6000 	C:\WINDOWS\system32\uxtheme.dll
0x00007ff9af5d0000 - 0x00007ff9af611000 	C:\WINDOWS\SYSTEM32\dinput8.dll
0x00007ff9b7c20000 - 0x00007ff9b7c2e000 	C:\WINDOWS\SYSTEM32\xinput1_4.dll
0x00007ff9bd820000 - 0x00007ff9bd847000 	C:\WINDOWS\SYSTEM32\DEVOBJ.dll
0x00007ff9bbbe0000 - 0x00007ff9bbc02000 	C:\WINDOWS\SYSTEM32\dwmapi.dll
0x00007ff99b7e0000 - 0x00007ff99b909000 	C:\WINDOWS\SYSTEM32\opengl32.dll
0x00007ff99b6e0000 - 0x00007ff99b7da000 	C:\WINDOWS\SYSTEM32\DDRAW.dll
0x00007ff99d740000 - 0x00007ff99d76e000 	C:\WINDOWS\SYSTEM32\GLU32.dll
0x00007ff99de90000 - 0x00007ff99de98000 	C:\WINDOWS\SYSTEM32\DCIMAN32.dll
0x00007ff9bdde0000 - 0x00007ff9bddec000 	C:\WINDOWS\SYSTEM32\HID.DLL
0x00007ff9c1f40000 - 0x00007ff9c2369000 	C:\WINDOWS\system32\SETUPAPI.DLL
0x00007ff9bf2a0000 - 0x00007ff9bf2f5000 	C:\WINDOWS\system32\WINTRUST.dll
0x00007ff9bedf0000 - 0x00007ff9bee00000 	C:\WINDOWS\system32\MSASN1.dll
0x00007ff9bee80000 - 0x00007ff9bf048000 	C:\WINDOWS\system32\CRYPT32.dll
0x00007ff9c1640000 - 0x00007ff9c179a000 	C:\WINDOWS\system32\MSCTF.dll
0x00007ff98fdd0000 - 0x00007ff9908ef000 	C:\WINDOWS\SYSTEM32\ig75icd64.dll
0x00007ff9bcdc0000 - 0x00007ff9bcdd3000 	C:\WINDOWS\SYSTEM32\WTSAPI32.dll
0x00007ff9b7fc0000 - 0x00007ff9b89df000 	C:\WINDOWS\SYSTEM32\igdusc64.dll
0x00000000757a0000 - 0x00000000757ba000 	C:\Program Files\Java\jdk1.8.0_91\jre\bin\net.dll
0x00007ff9be6c0000 - 0x00007ff9be71c000 	C:\WINDOWS\system32\mswsock.dll
0x0000000075780000 - 0x0000000075791000 	C:\Program Files\Java\jdk1.8.0_91\jre\bin\nio.dll
0x00007ff9af3a0000 - 0x00007ff9af3d8000 	C:\Users\Dylan\Documents\lwjgl1\native\jemalloc.dll
0x00007ff9b7df0000 - 0x00007ff9b7f7c000 	C:\WINDOWS\SYSTEM32\dbghelp.dll

VM Arguments:
jvm_args: -Dfile.encoding=UTF-8 -Djava.library.path=C:\Users\Dylan\Documents\lwjgl1\native 
java_command: game_test.MainGameLoop
java_class_path (initial): C:\Users\Dylan\Documents\NetBeansProjects\game_test_newer_build\lib\lwjgl_3-build79\lwjgl.jar;C:\Users\Dylan\Documents\NetBeansProjects\game_test_newer_build\lib\PNGDecoder\PNGDecoder.jar;C:\Users\Dylan\Documents\NetBeansProjects\game_test_newer_build\lib\slick-util\slick-util.jar;C:\Users\Dylan\Documents\NetBeansProjects\game_test_newer_build\build\classes
Launcher Type: SUN_STANDARD

Environment Variables:
JAVA_HOME=C:\Program Files\Java\jdk1.8.0_91
PATH=C:\ProgramData\Oracle\Java\javapath;C:\Program Files (x86)\Intel\iCLS Client\;C:\Program Files\Intel\iCLS Client\;C:\Windows\system32;C:\Windows;C:\Windows\System32\Wbem;C:\Windows\System32\WindowsPowerShell\v1.0\;C:\Program Files\Intel\Intel(R) Management Engine Components\DAL;C:\Program Files (x86)\Intel\Intel(R) Management Engine Components\DAL;C:\Program Files\Intel\Intel(R) Management Engine Components\IPT;C:\Program Files (x86)\Intel\Intel(R) Management Engine Components\IPT;C:\Program Files\Intel\WiFi\bin\;C:\Program Files\Common Files\Intel\WirelessCommon\;C:\Program Files (x86)\NVIDIA Corporation\PhysX\Common;C:\Program Files\MATLAB\R2015b\bin;C:\Aldec\Active-HDL Student Edition\bin;C:\Program Files (x86)\Windows Live\Shared;C:\WINDOWS\system32;C:\WINDOWS;C:\WINDOWS\System32\Wbem;C:\WINDOWS\System32\WindowsPowerShell\v1.0\;C:\Program Files (x86)\Windows Kits\8.1\Windows Performance Toolkit\;C:\Program Files\jEdit;C:\Users\Dylan\Documents\gradle-2.13\bin;%JAVA_HOME%\bin;C:\OrCAD\OrCAD_16.6_Lite\tools\pcb\bin;C:\OrCAD\OrCAD_16.6_Lite\tools\fet\bin;C:\OrCAD\OrCAD_16.6_Lite\OpenAccess\bin\win32\opt;C:\OrCAD\OrCAD_16.6_Lite\tools\bin;C:\OrCAD\OrCAD_16.6_Lite\tools\Capture;C:\OrCAD\OrCAD_16.6_Lite\tools\PSpice;
USERNAME=Dylan
OS=Windows_NT
PROCESSOR_IDENTIFIER=Intel64 Family 6 Model 60 Stepping 3, GenuineIntel



---------------  S Y S T E M  ---------------

OS: Windows 10.0 , 64 bit Build 10586 (10.0.10586.0)

CPU:total 8 (4 cores per cpu, 2 threads per core) family 6 model 60 stepping 3, cmov, cx8, fxsr, mmx, sse, sse2, sse3, ssse3, sse4.1, sse4.2, popcnt, avx, avx2, aes, clmul, erms, lzcnt, ht, tsc, tscinvbit, bmi1, bmi2

Memory: 4k page, physical 16663592k(9149360k free), swap 19153960k(8244728k free)

vm_info: Java HotSpot(TM) 64-Bit Server VM (25.91-b14) for windows-amd64 JRE (1.8.0_91-b14), built on Apr  1 2016 00:58:32 by "java_re" with MS VC++ 10.0 (VS2010)

time: Wed Jun 22 13:49:01 2016
elapsed time: 1 seconds (0d 0h 0m 1s)

