#
# A fatal error has been detected by the Java Runtime Environment:
#
#  EXCEPTION_ACCESS_VIOLATION (0xc0000005) at pc=0x00007ffe5c094e80, pid=5416, tid=10052
#
# JRE version: Java(TM) SE Runtime Environment (8.0_91-b14) (build 1.8.0_91-b14)
# Java VM: Java HotSpot(TM) 64-Bit Server VM (25.91-b14 mixed mode windows-amd64 compressed oops)
# Problematic frame:
# C  [ig75icd64.dll+0xd4e80]
#
# Failed to write core dump. Minidumps are not enabled by default on client versions of Windows
#
# If you would like to submit a bug report, please visit:
#   http://bugreport.java.com/bugreport/crash.jsp
# The crash happened outside the Java Virtual Machine in native code.
# See problematic frame for where to report the bug.
#

---------------  T H R E A D  ---------------

Current thread (0x0000000002340800):  JavaThread "main" [_thread_in_native, id=10052, stack(0x0000000002240000,0x0000000002340000)]

siginfo: ExceptionCode=0xc0000005, reading address 0x0000000024b00000

Registers:
RAX=0x0000000000000600, RBX=0x000000000233eb30, RCX=0x0000000000000000, RDX=0x0000000024b00000
RSP=0x000000000233ea60, RBP=0x000000000233ebc0, RSI=0x0000000023764000, RDI=0x0000000023794000
R8 =0x0000000000040000, R9 =0x0000000000000800, R10=0x0000000000000600, R11=0x00000000005ee8b4
R12=0x0000000000000000, R13=0x00000000005da040, R14=0x0000000000000100, R15=0x000000000233eca0
RIP=0x00007ffe5c094e80, EFLAGS=0x0000000000010287

Top of Stack: (sp=0x000000000233ea60)
0x000000000233ea60:   cafebabecafebabe 0000000000000000
0x000000000233ea70:   0000000000000000 0000000000000000
0x000000000233ea80:   0000000024ad0000 00007ffe5c45570b
0x000000000233ea90:   8000004040000180 0000000000000000
0x000000000233eaa0:   0000000023764000 0000000000000000
0x000000000233eab0:   0000000023764000 00007ffe5c456cb8
0x000000000233eac0:   000000000233ebc0 0000000000000400
0x000000000233ead0:   00007ffe5c9fd4b0 00007ffe5c898c01
0x000000000233eae0:   0000000000000048 00007ffe00000001
0x000000000233eaf0:   0000000024ad0000 00000000005d8930
0x000000000233eb00:   000000001f92db60 000000000233ec20
0x000000000233eb10:   000000001f92db60 0000000000000000
0x000000000233eb20:   0000000000000000 0000000000000000
0x000000000233eb30:   00007ffe5c78df78 00000000005da040
0x000000000233eb40:   0000010000000100 0000004800000000
0x000000000233eb50:   0000040000000004 0000000024ad0000 

Instructions: (pc=0x00007ffe5c094e80)
0x00007ffe5c094e60:   c2 10 66 0f e7 47 f0 49 3b c2 72 e4 e9 ab 00 00
0x00007ffe5c094e70:   00 4d 85 c9 74 6c 66 66 0f 1f 84 00 00 00 00 00
0x00007ffe5c094e80:   66 0f 6f 3a 66 0f 6f 72 10 66 0f 6f 6a 20 41 ff
0x00007ffe5c094e90:   c2 48 83 ef 80 41 8b c2 66 0f 6f 62 30 66 0f 6f 


Register to memory mapping:

RAX=0x0000000000000600 is an unknown value
RBX=0x000000000233eb30 is pointing into the stack for thread: 0x0000000002340800
RCX=0x0000000000000000 is an unknown value
RDX=0x0000000024b00000 is an unknown value
RSP=0x000000000233ea60 is pointing into the stack for thread: 0x0000000002340800
RBP=0x000000000233ebc0 is pointing into the stack for thread: 0x0000000002340800
RSI=0x0000000023764000 is an unknown value
RDI=0x0000000023794000 is an unknown value
R8 =0x0000000000040000 is an unknown value
R9 =0x0000000000000800 is an unknown value
R10=0x0000000000000600 is an unknown value
R11=0x00000000005ee8b4 is an unknown value
R12=0x0000000000000000 is an unknown value
R13=0x00000000005da040 is an unknown value
R14=0x0000000000000100 is an unknown value
R15=0x000000000233eca0 is pointing into the stack for thread: 0x0000000002340800


Stack: [0x0000000002240000,0x0000000002340000],  sp=0x000000000233ea60,  free space=1018k
Native frames: (J=compiled Java code, j=interpreted, Vv=VM code, C=native code)
C  [ig75icd64.dll+0xd4e80]
C  [ig75icd64.dll+0x49570b]
C  [ig75icd64.dll+0x496cb8]
C  [ig75icd64.dll+0x49a4c6]
C  [ig75icd64.dll+0x2ef7af]
C  [ig75icd64.dll+0x2ef4c7]
C  [ig75icd64.dll+0x90f31]
C  [ig75icd64.dll+0x99b8c]
C  [ig75icd64.dll+0xa2b54]
C  [lwjgl.dll+0x5573d]
C  0x0000000002457f54

Java frames: (J=compiled Java code, j=interpreted, Vv=VM code)
j  org.lwjgl.system.JNI.callPV(JIIIIIIIIJ)V+0
j  org.lwjgl.opengl.GL11.nglTexImage2D(IIIIIIIIJ)V+24
j  org.lwjgl.opengl.GL11.glTexImage2D(IIIIIIIILjava/nio/ByteBuffer;)V+30
j  renderEngine.Loader.loadTexture(Ljava/lang/String;)I+305
j  game_test.Startup.startGame()V+209
j  game_test.Main_module.main([Ljava/lang/String;)V+9
v  ~StubRoutines::call_stub

---------------  P R O C E S S  ---------------

Java Threads: ( => current thread )
  0x000000001de00000 JavaThread "Service Thread" daemon [_thread_blocked, id=7844, stack(0x000000001e850000,0x000000001e950000)]
  0x000000001dd80800 JavaThread "C1 CompilerThread3" daemon [_thread_blocked, id=10208, stack(0x000000001e750000,0x000000001e850000)]
  0x000000001dd74000 JavaThread "C2 CompilerThread2" daemon [_thread_blocked, id=7768, stack(0x000000001e650000,0x000000001e750000)]
  0x000000001dd6f800 JavaThread "C2 CompilerThread1" daemon [_thread_blocked, id=11152, stack(0x000000001e550000,0x000000001e650000)]
  0x000000001dd6d000 JavaThread "C2 CompilerThread0" daemon [_thread_blocked, id=13680, stack(0x000000001e450000,0x000000001e550000)]
  0x000000001dd68000 JavaThread "Attach Listener" daemon [_thread_blocked, id=7572, stack(0x000000001e350000,0x000000001e450000)]
  0x000000001dd65000 JavaThread "Signal Dispatcher" daemon [_thread_blocked, id=11640, stack(0x000000001e250000,0x000000001e350000)]
  0x000000000243e000 JavaThread "Finalizer" daemon [_thread_blocked, id=1296, stack(0x000000001e140000,0x000000001e240000)]
  0x0000000002435000 JavaThread "Reference Handler" daemon [_thread_blocked, id=1524, stack(0x000000001dc40000,0x000000001dd40000)]
=>0x0000000002340800 JavaThread "main" [_thread_in_native, id=10052, stack(0x0000000002240000,0x0000000002340000)]

Other Threads:
  0x000000001be69800 VMThread [stack: 0x000000001db40000,0x000000001dc40000] [id=7100]
  0x000000001de0a000 WatcherThread [stack: 0x000000001e950000,0x000000001ea50000] [id=12452]

VM state:not at safepoint (normal execution)

VM Mutex/Monitor currently owned by a thread: None

Heap:
 PSYoungGen      total 76288K, used 10663K [0x000000076b380000, 0x0000000770880000, 0x00000007c0000000)
  eden space 65536K, 16% used [0x000000076b380000,0x000000076bde9d58,0x000000076f380000)
  from space 10752K, 0% used [0x000000076fe00000,0x000000076fe00000,0x0000000770880000)
  to   space 10752K, 0% used [0x000000076f380000,0x000000076f380000,0x000000076fe00000)
 ParOldGen       total 175104K, used 0K [0x00000006c1a00000, 0x00000006cc500000, 0x000000076b380000)
  object space 175104K, 0% used [0x00000006c1a00000,0x00000006c1a00000,0x00000006cc500000)
 Metaspace       used 7227K, capacity 7441K, committed 7680K, reserved 1056768K
  class space    used 636K, capacity 707K, committed 768K, reserved 1048576K

Card table byte_map: [0x0000000011800000,0x0000000012000000] byte_map_base: 0x000000000e1f3000

Marking Bits: (ParMarkBitMap*) 0x000000005c562f70
 Begin Bits: [0x0000000012d50000, 0x0000000016ce8000)
 End Bits:   [0x0000000016ce8000, 0x000000001ac80000)

Polling page: 0x0000000000950000

CodeCache: size=245760Kb used=2099Kb max_used=2099Kb free=243660Kb
 bounds [0x0000000002440000, 0x00000000026b0000, 0x0000000011440000]
 total_blobs=1168 nmethods=423 adapters=658
 compilation: enabled

Compilation events (10 events):
Event: 0.461 Thread 0x000000001dd80800  417  s!   3       java.net.URLStreamHandler::getHostAddress (54 bytes)
Event: 0.461 Thread 0x000000001dd80800 nmethod 417 0x0000000002644a50 code [0x0000000002644be0, 0x00000000026452b8]
Event: 0.463 Thread 0x000000001dd80800  419   !   3       java.io.BufferedReader::readLine (304 bytes)
Event: 0.464 Thread 0x000000001dd80800 nmethod 419 0x0000000002645a50 code [0x0000000002645ce0, 0x0000000002647468]
Event: 0.465 Thread 0x000000001dd80800  420       3       java.lang.Integer::valueOf (32 bytes)
Event: 0.465 Thread 0x000000001dd80800 nmethod 420 0x0000000002648290 code [0x0000000002648400, 0x0000000002648750]
Event: 0.466 Thread 0x000000001dd80800  421       3       java.lang.String::indexOf (166 bytes)
Event: 0.467 Thread 0x000000001dd80800 nmethod 421 0x0000000002648910 code [0x0000000002648ac0, 0x0000000002649110]
Event: 0.475 Thread 0x000000001dd80800  423       3       java.util.WeakHashMap::remove (133 bytes)
Event: 0.476 Thread 0x000000001dd80800 nmethod 423 0x000000000264c350 code [0x000000000264c540, 0x000000000264d028]

GC Heap History (0 events):
No events

Deoptimization events (2 events):
Event: 0.456 Thread 0x0000000002340800 Uncommon trap: reason=unstable_if action=reinterpret pc=0x0000000002637398 method=java.lang.String.replace(CC)Ljava/lang/String; @ 26
Event: 0.460 Thread 0x0000000002340800 Uncommon trap: reason=unstable_if action=reinterpret pc=0x0000000002641918 method=java.lang.String.indexOf([CII[CIII)I @ 134

Internal exceptions (4 events):
Event: 0.027 Thread 0x0000000002340800 Exception <a 'java/lang/NoSuchMethodError': Method sun.misc.Unsafe.defineClass(Ljava/lang/String;[BII)Ljava/lang/Class; name or signature does not match> (0x000000076b387cc0) thrown at [C:\re\workspace\8-2-build-windows-amd64-cygwin\jdk8u91\6644\hotspot\srBºš–k›?
Event: 0.027 Thread 0x0000000002340800 Exception <a 'java/lang/NoSuchMethodError': Method sun.misc.Unsafe.prefetchRead(Ljava/lang/Object;J)V name or signature does not match> (0x000000076b387fa8) thrown at [C:\re\workspace\8-2-build-windows-amd64-cygwin\jdk8u91\6644\hotspot\src\share\vm\prims\jIVp-HÁ?
Event: 0.135 Thread 0x0000000002340800 Exception <a 'java/lang/NoSuchFieldError': method resolution failed> (0x000000076b67bbe0) thrown at [C:\re\workspace\8-2-build-windows-amd64-cygwin\jdk8u91\6644\hotspot\src\share\vm\prims\methodHandles.cpp, line 1146]
Event: 0.138 Thread 0x0000000002340800 Exception <a 'java/lang/NoSuchFieldError': method resolution failed> (0x000000076b688f60) thrown at [C:\re\workspace\8-2-build-windows-amd64-cygwin\jdk8u91\6644\hotspot\src\share\vm\prims\methodHandles.cpp, line 1146]

Events (10 events):
Event: 0.474 loading class java/util/HashMap$KeyIterator
Event: 0.474 loading class java/util/HashMap$KeyIterator done
Event: 0.474 loading class java/nio/channels/spi/AbstractInterruptibleChannel$1
Event: 0.474 loading class java/nio/channels/spi/AbstractInterruptibleChannel$1 done
Event: 0.474 loading class sun/nio/ch/NativeThread
Event: 0.474 loading class sun/nio/ch/NativeThread done
Event: 0.474 loading class sun/nio/ch/IOStatus
Event: 0.474 loading class sun/nio/ch/IOStatus done
Event: 0.475 loading class org/lwjgl/stb/STBImage
Event: 0.475 loading class org/lwjgl/stb/STBImage done


Dynamic libraries:
0x00007ff788370000 - 0x00007ff7883a7000 	C:\Program Files\Java\jdk1.8.0_91\bin\java.exe
0x00007ffe6b1f0000 - 0x00007ffe6b3b1000 	C:\WINDOWS\SYSTEM32\ntdll.dll
0x00007ffe69290000 - 0x00007ffe6933d000 	C:\WINDOWS\system32\KERNEL32.DLL
0x00007ffe67a60000 - 0x00007ffe67c48000 	C:\WINDOWS\system32\KERNELBASE.dll
0x00007ffe685f0000 - 0x00007ffe68697000 	C:\WINDOWS\system32\ADVAPI32.dll
0x00007ffe68ef0000 - 0x00007ffe68f8d000 	C:\WINDOWS\system32\msvcrt.dll
0x00007ffe68f90000 - 0x00007ffe68feb000 	C:\WINDOWS\system32\sechost.dll
0x00007ffe690a0000 - 0x00007ffe691bc000 	C:\WINDOWS\system32\RPCRT4.dll
0x00007ffe6ae00000 - 0x00007ffe6af56000 	C:\WINDOWS\system32\USER32.dll
0x00007ffe6ac70000 - 0x00007ffe6adf6000 	C:\WINDOWS\system32\GDI32.dll
0x00007ffe62260000 - 0x00007ffe624d4000 	C:\WINDOWS\WinSxS\amd64_microsoft.windows.common-controls_6595b64144ccf1df_6.0.10586.0_none_8c15ae12515e1c22\COMCTL32.dll
0x00007ffe6af70000 - 0x00007ffe6b1ed000 	C:\WINDOWS\system32\combase.dll
0x00007ffe67930000 - 0x00007ffe6799a000 	C:\WINDOWS\system32\bcryptPrimitives.dll
0x00007ffe69060000 - 0x00007ffe6909b000 	C:\WINDOWS\system32\IMM32.DLL
0x000000005bc70000 - 0x000000005bd42000 	C:\Program Files\Java\jdk1.8.0_91\jre\bin\msvcr100.dll
0x000000005bd50000 - 0x000000005c5e3000 	C:\Program Files\Java\jdk1.8.0_91\jre\bin\server\jvm.dll
0x00007ffe6af60000 - 0x00007ffe6af68000 	C:\WINDOWS\system32\PSAPI.DLL
0x00007ffe59870000 - 0x00007ffe59879000 	C:\WINDOWS\SYSTEM32\WSOCK32.dll
0x00007ffe652e0000 - 0x00007ffe65303000 	C:\WINDOWS\SYSTEM32\WINMM.dll
0x00007ffe65ea0000 - 0x00007ffe65eaa000 	C:\WINDOWS\SYSTEM32\VERSION.dll
0x00007ffe68ff0000 - 0x00007ffe6905b000 	C:\WINDOWS\system32\WS2_32.dll
0x00007ffe651b0000 - 0x00007ffe651dc000 	C:\WINDOWS\SYSTEM32\WINMMBASE.dll
0x00007ffe67d60000 - 0x00007ffe67da3000 	C:\WINDOWS\system32\cfgmgr32.dll
0x000000005bc20000 - 0x000000005bc2f000 	C:\Program Files\Java\jdk1.8.0_91\jre\bin\verify.dll
0x000000005bbf0000 - 0x000000005bc19000 	C:\Program Files\Java\jdk1.8.0_91\jre\bin\java.dll
0x000000005bbd0000 - 0x000000005bbe6000 	C:\Program Files\Java\jdk1.8.0_91\jre\bin\zip.dll
0x00007ffe69710000 - 0x00007ffe6ac6c000 	C:\WINDOWS\system32\SHELL32.dll
0x00007ffe67db0000 - 0x00007ffe683f4000 	C:\WINDOWS\system32\windows.storage.dll
0x00007ffe694a0000 - 0x00007ffe694f2000 	C:\WINDOWS\system32\shlwapi.dll
0x00007ffe67810000 - 0x00007ffe6781f000 	C:\WINDOWS\system32\kernel.appcore.dll
0x00007ffe679a0000 - 0x00007ffe67a55000 	C:\WINDOWS\system32\shcore.dll
0x00007ffe67850000 - 0x00007ffe6789b000 	C:\WINDOWS\system32\powrprof.dll
0x00007ffe67820000 - 0x00007ffe67834000 	C:\WINDOWS\system32\profapi.dll
0x00007ffe4e700000 - 0x00007ffe4e7cc000 	C:\Users\Dylan\Documents\lwjgl1\native\lwjgl.dll
0x00007ffe68da0000 - 0x00007ffe68ee3000 	C:\WINDOWS\system32\ole32.dll
0x00007ffe66fa0000 - 0x00007ffe66fab000 	C:\WINDOWS\SYSTEM32\CRYPTBASE.DLL
0x00007ffe5cf90000 - 0x00007ffe5cfcb000 	C:\Users\Dylan\Documents\lwjgl1\native\glfw.dll
0x00007ffe65900000 - 0x00007ffe65996000 	C:\WINDOWS\system32\uxtheme.dll
0x00007ffe5ceb0000 - 0x00007ffe5cef1000 	C:\WINDOWS\SYSTEM32\dinput8.dll
0x00007ffe5d070000 - 0x00007ffe5d07e000 	C:\WINDOWS\SYSTEM32\xinput1_4.dll
0x00007ffe673c0000 - 0x00007ffe673e7000 	C:\WINDOWS\SYSTEM32\DEVOBJ.dll
0x00007ffe638d0000 - 0x00007ffe638f2000 	C:\WINDOWS\SYSTEM32\dwmapi.dll
0x00007ffe46480000 - 0x00007ffe465a9000 	C:\WINDOWS\SYSTEM32\opengl32.dll
0x00007ffe46380000 - 0x00007ffe4647a000 	C:\WINDOWS\SYSTEM32\DDRAW.dll
0x00007ffe497b0000 - 0x00007ffe497de000 	C:\WINDOWS\SYSTEM32\GLU32.dll
0x00007ffe497a0000 - 0x00007ffe497a8000 	C:\WINDOWS\SYSTEM32\DCIMAN32.dll
0x00007ffe65e90000 - 0x00007ffe65e9c000 	C:\WINDOWS\SYSTEM32\HID.DLL
0x00007ffe686b0000 - 0x00007ffe68ad9000 	C:\WINDOWS\system32\SETUPAPI.DLL
0x00007ffe67d00000 - 0x00007ffe67d55000 	C:\WINDOWS\system32\WINTRUST.dll
0x00007ffe67840000 - 0x00007ffe67850000 	C:\WINDOWS\system32\MSASN1.dll
0x00007ffe68420000 - 0x00007ffe685e8000 	C:\WINDOWS\system32\CRYPT32.dll
0x00007ffe69500000 - 0x00007ffe6965a000 	C:\WINDOWS\system32\MSCTF.dll
0x00007ffe5bfc0000 - 0x00007ffe5cadf000 	C:\WINDOWS\SYSTEM32\ig75icd64.dll
0x00007ffe652c0000 - 0x00007ffe652d3000 	C:\WINDOWS\SYSTEM32\WTSAPI32.dll
0x00007ffe5d780000 - 0x00007ffe5e19f000 	C:\WINDOWS\SYSTEM32\igdusc64.dll
0x00007ffe5cf50000 - 0x00007ffe5cf88000 	C:\Users\Dylan\Documents\lwjgl1\native\jemalloc.dll
0x000000005bbb0000 - 0x000000005bbca000 	C:\Program Files\Java\jdk1.8.0_91\jre\bin\net.dll
0x00007ffe66dd0000 - 0x00007ffe66e2c000 	C:\WINDOWS\system32\mswsock.dll
0x000000005bb90000 - 0x000000005bba1000 	C:\Program Files\Java\jdk1.8.0_91\jre\bin\nio.dll
0x00007ffe3f160000 - 0x00007ffe3f2ec000 	C:\WINDOWS\SYSTEM32\dbghelp.dll

VM Arguments:
jvm_args: -Dfile.encoding=UTF-8 -Djava.library.path=C:\Users\Dylan\Documents\lwjgl1\native 
java_command: game_test.Main_module
java_class_path (initial): C:\Users\Dylan\Documents\NetBeansProjects\game_test_newer_build\lib\lwjgl_3-build79\lwjgl.jar;C:\Users\Dylan\Documents\NetBeansProjects\game_test_newer_build\build\classes
Launcher Type: SUN_STANDARD

Environment Variables:
JAVA_HOME=C:\Program Files\Java\jdk1.8.0_91
PATH=C:\ProgramData\Oracle\Java\javapath;C:\Program Files (x86)\Intel\iCLS Client\;C:\Program Files\Intel\iCLS Client\;C:\Windows\system32;C:\Windows;C:\Windows\System32\Wbem;C:\Windows\System32\WindowsPowerShell\v1.0\;C:\Program Files\Intel\Intel(R) Management Engine Components\DAL;C:\Program Files (x86)\Intel\Intel(R) Management Engine Components\DAL;C:\Program Files\Intel\Intel(R) Management Engine Components\IPT;C:\Program Files (x86)\Intel\Intel(R) Management Engine Components\IPT;C:\Program Files\Intel\WiFi\bin\;C:\Program Files\Common Files\Intel\WirelessCommon\;C:\Program Files (x86)\NVIDIA Corporation\PhysX\Common;C:\Program Files\MATLAB\R2015b\bin;C:\Aldec\Active-HDL Student Edition\bin;C:\Program Files (x86)\Windows Live\Shared;C:\WINDOWS\system32;C:\WINDOWS;C:\WINDOWS\System32\Wbem;C:\WINDOWS\System32\WindowsPowerShell\v1.0\;C:\Program Files (x86)\Windows Kits\8.1\Windows Performance Toolkit\;C:\Program Files\jEdit;C:\Users\Dylan\Documents\gradle-2.13\bin;%JAVA_HOME%\bin;C:\OrCAD\OrCAD_16.6_Lite\tools\pcb\bin;C:\OrCAD\OrCAD_16.6_Lite\tools\fet\bin;C:\OrCAD\OrCAD_16.6_Lite\OpenAccess\bin\win32\opt;C:\OrCAD\OrCAD_16.6_Lite\tools\bin;C:\OrCAD\OrCAD_16.6_Lite\tools\Capture;C:\OrCAD\OrCAD_16.6_Lite\tools\PSpice;
USERNAME=Dylan
OS=Windows_NT
PROCESSOR_IDENTIFIER=Intel64 Family 6 Model 60 Stepping 3, GenuineIntel



---------------  S Y S T E M  ---------------

OS: Windows 10.0 , 64 bit Build 10586 (10.0.10586.0)

CPU:total 8 (4 cores per cpu, 2 threads per core) family 6 model 60 stepping 3, cmov, cx8, fxsr, mmx, sse, sse2, sse3, ssse3, sse4.1, sse4.2, popcnt, avx, avx2, aes, clmul, erms, lzcnt, ht, tsc, tscinvbit, bmi1, bmi2

Memory: 4k page, physical 16663592k(10422160k free), swap 19153960k(10312172k free)

vm_info: Java HotSpot(TM) 64-Bit Server VM (25.91-b14) for windows-amd64 JRE (1.8.0_91-b14), built on Apr  1 2016 00:58:32 by "java_re" with MS VC++ 10.0 (VS2010)

time: Mon Jun 06 19:16:03 2016
elapsed time: 0 seconds (0d 0h 0m 0s)

